{"tag": "universal-transformer", "type": "universal", "train_cfg": {"learning_rate": 0.005, "weight_decay": 0.0, "max_epoch": 100, "step_lr": {"step": 25, "gamma": 0.8}, "dropout_hidden": {"start": 10, "time": 40, "initial": 0.1, "inc": 0.3}, "dropout_attention": {"start": 10, "time": 40, "initial": 0.0, "inc": 0.1}}, "model_kwargs": {"internal_dim": 64, "num_layers": 2, "num_heads": 8, "identity_bias": 0.0}}
0,0,2.3081560134887695,0.316,0.319,True,0.0,0.1
0,1,1.8812564611434937,0.162,0.149,False,0.0,0.1
0,2,1.8709397315979004,0.318,0.321,True,0.0,0.1
0,3,1.8027971982955933,0.316,0.319,False,0.0,0.1
0,4,1.7484339475631714,0.316,0.319,False,0.0,0.1
0,5,1.6667485237121582,0.536,0.546,True,0.0,0.1
0,6,1.486081838607788,0.49,0.464,False,0.0,0.1
0,7,1.375592589378357,0.572,0.561,True,0.0,0.1
0,8,1.2888312339782715,0.526,0.513,False,0.0,0.1
0,9,1.3919097185134888,0.664,0.636,True,0.0,0.1
0,10,1.0418801307678223,0.6,0.585,False,0.0,0.1
0,11,1.0473504066467285,0.782,0.765,True,0.0039259815759068615,0.11177794472772058
0,12,0.8091444969177246,0.726,0.729,False,0.007845909572784495,0.12353772871835349
0,13,0.8297749757766724,0.776,0.789,False,0.011753739745783765,0.1352612192373513
0,14,0.7033366560935974,0.83,0.824,True,0.01564344650402309,0.14693033951206927
0,15,0.5800889134407043,0.868,0.839,True,0.019509032201612826,0.1585270966048385
0,16,0.5227320194244385,0.866,0.841,False,0.02334453638559054,0.17003360915677163
0,17,0.4874635934829712,0.872,0.853,True,0.027144044986507427,0.18143213495952226
0,18,0.4048508405685425,0.878,0.857,True,0.03090169943749474,0.19270509831248422
0,19,0.3564256727695465,0.874,0.859,False,0.034611705707749296,0.2038351171232479
0,20,0.3278859257698059,0.876,0.861,False,0.03826834323650898,0.21480502970952692
0,21,0.29872792959213257,0.872,0.869,False,0.04186597375374282,0.22559792126122843
0,22,0.27915897965431213,0.882,0.87,True,0.04539904997395468,0.23619714992186402
0,23,0.24362774193286896,0.888,0.862,True,0.04886212414969549,0.24658637244908646
0,24,0.23124712705612183,0.884,0.853,False,0.052249856471594885,0.25674956941478466
0,25,0.2145257443189621,0.886,0.853,False,0.05555702330196022,0.26667106990588063
0,26,0.2127024233341217,0.892,0.854,True,0.058778525229247314,0.2763355756877419
0,27,0.19384165108203888,0.896,0.86,True,0.0619093949309834,0.2857281847929502
0,28,0.18924733996391296,0.886,0.861,False,0.06494480483301837,0.2948344144990551
0,29,0.17268629372119904,0.876,0.86,False,0.06788007455329417,0.3036402236598825
0,30,0.15895946323871613,0.87,0.856,False,0.07071067811865475,0.31213203435596426
0,31,0.15098336338996887,0.87,0.86,False,0.07343225094356856,0.3202967528307057
0,32,0.14474327862262726,0.872,0.859,False,0.07604059656000312,0.32812178968000927
0,33,0.146565780043602,0.868,0.854,False,0.07853169308807449,0.33559507926422344
0,34,0.14206644892692566,0.87,0.852,False,0.08090169943749476,0.3427050983124842
0,35,0.1291513890028,0.868,0.849,False,0.08314696123025453,0.34944088369076354
0,36,0.11709459871053696,0.866,0.852,False,0.08526401643540922,0.35579204930622765
0,37,0.1133505180478096,0.862,0.853,False,0.08724960070727972,0.36174880212183913
0,38,0.12699690461158752,0.866,0.85,False,0.08910065241883679,0.3673019572565104
0,39,0.11418776214122772,0.866,0.842,False,0.09081431738250813,0.3724429521475243
0,40,0.10574259608983994,0.868,0.834,False,0.09238795325112868,0.37716385975338607
0,41,0.10914701223373413,0.866,0.839,False,0.09381913359224842,0.3814574007767453
0,42,0.08892100304365158,0.858,0.841,False,0.09510565162951536,0.385316954888546
0,43,0.10074596852064133,0.858,0.843,False,0.09624552364536473,0.38873657093609415
0,44,0.08429399132728577,0.852,0.839,False,0.09723699203976766,0.39171097611930294
0,45,0.08583100140094757,0.854,0.841,False,0.09807852804032305,0.39423558412096915
0,46,0.09217765182256699,0.852,0.841,False,0.09876883405951378,0.39630650217854135
0,47,0.07307776063680649,0.852,0.839,False,0.09930684569549264,0.3979205370864779
0,48,0.08289886265993118,0.852,0.841,False,0.0996917333733128,0.39907520011993836
0,49,0.07980991154909134,0.852,0.843,False,0.0999229036240723,0.3997687108722169
0,50,0.06923562288284302,0.852,0.84,False,0.1,0.4
0,51,0.05884924530982971,0.854,0.838,False,0.1,0.4
0,52,0.0599045604467392,0.854,0.841,False,0.1,0.4
0,53,0.06642448902130127,0.856,0.839,False,0.1,0.4
0,54,0.06195063143968582,0.856,0.84,False,0.1,0.4
0,55,0.058658208698034286,0.854,0.843,False,0.1,0.4
0,56,0.051038481295108795,0.852,0.845,False,0.1,0.4
0,57,0.04556914046406746,0.856,0.842,False,0.1,0.4
0,58,0.0497167743742466,0.856,0.843,False,0.1,0.4
0,59,0.05648444965481758,0.86,0.841,False,0.1,0.4
0,60,0.04006780683994293,0.864,0.841,False,0.1,0.4
0,61,0.05591007322072983,0.864,0.843,False,0.1,0.4
0,62,0.04202207177877426,0.86,0.843,False,0.1,0.4
0,63,0.04964352771639824,0.852,0.84,False,0.1,0.4
0,64,0.051150843501091,0.852,0.84,False,0.1,0.4
0,65,0.04762331396341324,0.856,0.836,False,0.1,0.4
0,66,0.054379090666770935,0.848,0.838,False,0.1,0.4
0,67,0.04320060834288597,0.85,0.838,False,0.1,0.4
0,68,0.03666349872946739,0.856,0.84,False,0.1,0.4
0,69,0.0351872593164444,0.86,0.837,False,0.1,0.4
0,70,0.036228686571121216,0.86,0.827,False,0.1,0.4
0,71,0.04816403612494469,0.862,0.832,False,0.1,0.4
0,72,0.03428758680820465,0.852,0.831,False,0.1,0.4
0,73,0.029151838272809982,0.848,0.837,False,0.1,0.4
0,74,0.031629595905542374,0.85,0.837,False,0.1,0.4
0,75,0.04206191375851631,0.85,0.841,False,0.1,0.4
0,76,0.04401429742574692,0.852,0.835,False,0.1,0.4
0,77,0.026998551562428474,0.85,0.836,False,0.1,0.4
0,78,0.028657881543040276,0.846,0.833,False,0.1,0.4
0,79,0.03518080711364746,0.85,0.839,False,0.1,0.4
0,80,0.02931070700287819,0.854,0.841,False,0.1,0.4
0,81,0.021890820935368538,0.856,0.842,False,0.1,0.4
0,82,0.020980048924684525,0.852,0.841,False,0.1,0.4
0,83,0.025143854320049286,0.856,0.831,False,0.1,0.4
0,84,0.021908873692154884,0.856,0.832,False,0.1,0.4
0,85,0.02872944250702858,0.85,0.827,False,0.1,0.4
0,86,0.023865608498454094,0.85,0.829,False,0.1,0.4
0,87,0.02500295266509056,0.856,0.828,False,0.1,0.4
0,88,0.021484805271029472,0.852,0.838,False,0.1,0.4
0,89,0.022986775264143944,0.852,0.839,False,0.1,0.4
0,90,0.0395473875105381,0.846,0.837,False,0.1,0.4
0,91,0.026232687756419182,0.842,0.833,False,0.1,0.4
0,92,0.02599397487938404,0.842,0.827,False,0.1,0.4
0,93,0.03020530939102173,0.844,0.824,False,0.1,0.4
0,94,0.034212227910757065,0.856,0.827,False,0.1,0.4
0,95,0.021507682278752327,0.85,0.834,False,0.1,0.4
0,96,0.021138640120625496,0.85,0.831,False,0.1,0.4
0,97,0.022359933704137802,0.854,0.834,False,0.1,0.4
0,98,0.02570604719221592,0.852,0.834,False,0.1,0.4
0,99,0.018878024071455002,0.85,0.835,False,0.1,0.4
