{"tag": "universal-transformer", "type": "universal", "train_cfg": {"learning_rate": 0.001, "weight_decay": 0.0, "max_epoch": 50, "step_lr": {"step": 25, "gamma": 0.8}}, "model_kwargs": {"internal_dim": 768, "num_layers": 8, "num_heads": 8, "skip_conn": true, "identity_bias": 0.02, "dropout_att": 0.2, "dropout_hidden": 0.3}}
0,0,380.3768005371094,0.4435914142407554,0.44899103678672175,True,,
0,1,279.99224853515625,0.4522711615534312,0.45793498140367955,True,,
0,2,248.01535034179688,0.45248688836954165,0.4580668788911739,True,,
0,3,211.3931427001953,0.45462766902633955,0.46020768509490906,True,,
0,4,203.09976196289062,0.45462766902633955,0.46020768509490906,False,,
0,5,192.2851104736328,0.45462766902633955,0.46020768509490906,False,,
0,6,181.1303253173828,0.4560465627795636,0.46172547092850785,True,,
0,7,192.29615783691406,0.4560465627795636,0.46172547092850785,False,,
0,8,180.33197021484375,0.4560465627795636,0.46172547092850785,False,,
0,9,178.10104370117188,0.4554931269656172,0.4611651996831177,False,,
0,10,171.79188537597656,0.45519647195624846,0.4608974809391562,False,,
0,11,173.8889617919922,0.45508349414085664,0.46078526194588376,False,,
0,12,187.52171325683594,0.45508349414085664,0.46078526194588376,False,,
0,13,174.35191345214844,0.45508349414085664,0.46078526194588376,False,,
0,14,175.7239990234375,0.45508349414085664,0.46078526194588376,False,,
0,15,176.20828247070312,0.45508349414085664,0.46078526194588376,False,,
0,16,190.4452667236328,0.45508349414085664,0.46078526194588376,False,,
0,17,202.5863494873047,0.4492940095904045,0.4549499585349238,False,,
0,18,230.3008575439453,0.4432929002335847,0.4489907306764694,False,,
0,19,198.2002410888672,0.4467990873840612,0.45248033968937523,False,,
0,20,203.51231384277344,0.45167711028281105,0.4574032186294868,False,,
0,21,178.8759765625,0.45508349414085664,0.4607857924994732,False,,
0,22,173.71908569335938,0.45509196826193316,0.4607958732498158,False,,
0,23,181.34906005859375,0.45508349414085664,0.46078526194588376,False,,
0,24,177.32745361328125,0.45508349414085664,0.46078526194588376,False,,
0,25,200.17898559570312,0.45508349414085664,0.46078526194588376,False,,
0,26,172.8111572265625,0.45508349414085664,0.46078526194588376,False,,
0,27,173.4026336669922,0.45508349414085664,0.46078526194588376,False,,
0,28,165.98019409179688,0.45508349414085664,0.46078526194588376,False,,
0,29,197.32835388183594,0.45508349414085664,0.46078526194588376,False,,
0,30,164.3084259033203,0.45508349414085664,0.46078526194588376,False,,
0,31,183.4159698486328,0.45508349414085664,0.46078526194588376,False,,
0,32,170.15142822265625,0.45508349414085664,0.46078526194588376,False,,
0,33,165.23057556152344,0.45508349414085664,0.46078526194588376,False,,
0,34,172.068115234375,0.45508349414085664,0.46078526194588376,False,,
0,35,173.32522583007812,0.45508349414085664,0.46078526194588376,False,,
0,36,175.64454650878906,0.45508349414085664,0.46078526194588376,False,,
0,37,167.02755737304688,0.45508349414085664,0.46078526194588376,False,,
0,38,177.7681884765625,0.45508349414085664,0.46078526194588376,False,,
0,39,165.78805541992188,0.45508349414085664,0.46078526194588376,False,,
0,40,165.4183807373047,0.45508349414085664,0.46078526194588376,False,,
0,41,170.7241668701172,0.45508349414085664,0.46078526194588376,False,,
0,42,164.72740173339844,0.45508349414085664,0.46078526194588376,False,,
0,43,165.70387268066406,0.45508349414085664,0.46078526194588376,False,,
0,44,166.7744598388672,0.45508349414085664,0.46078526194588376,False,,
0,45,166.702880859375,0.45508349414085664,0.46078526194588376,False,,
0,46,183.122314453125,0.45508349414085664,0.46078526194588376,False,,
0,47,167.12350463867188,0.45508349414085664,0.46078526194588376,False,,
0,48,181.9288330078125,0.45508349414085664,0.46078526194588376,False,,
0,49,182.8023223876953,0.45508349414085664,0.46078526194588376,False,,
