{"tag": "gatv2", "type": "GATv2", "train_cfg": {"learning_rate": 0.005, "weight_decay": 0.0005, "max_epoch": 100, "step_lr": {"step": 25, "gamma": 0.5}}, "model_kwargs": {"internal_dim": 1024, "num_layers": 3, "num_heads": 8, "dropout": 0.2}}
0,0,172.79383850097656,0.4933151557505699,0.4955325409662372,True,,
0,1,195.63589477539062,0.5226378528198521,0.5285399483724736,True,,
0,2,171.59446716308594,0.5481199719292534,0.5556136114366947,True,,
0,3,168.2362518310547,0.5577926467125899,0.5640579050553144,True,,
0,4,212.02017211914062,0.5571493842700362,0.5631727950344401,False,,
0,5,181.6956024169922,0.5735012103809027,0.5815459715750505,True,,
0,6,174.0685577392578,0.5677978815419293,0.5748964827844731,False,,
0,7,170.62014770507812,0.5837135438492056,0.5928618879050679,True,,
0,8,170.70030212402344,0.5889801885745144,0.5965739451726161,True,,
0,9,194.49362182617188,0.5891298508120937,0.5982329294781612,True,,
0,10,169.6789093017578,0.5949033121548236,0.6048963677682335,True,,
0,11,167.03204345703125,0.5932670209638028,0.6039493016422102,False,,
0,12,169.9428253173828,0.6010627438420232,0.6102825171895355,True,,
0,13,178.16873168945312,0.6069429096258132,0.6172960993287097,True,,
0,14,170.41868591308594,0.6128253792445681,0.6234758798240914,True,,
0,15,160.65309143066406,0.6179314555231481,0.6288618557776754,True,,
0,16,169.0872039794922,0.6214061293602317,0.6332166350763742,True,,
0,17,193.5508575439453,0.6265354803671528,0.6392842200410334,True,,
0,18,169.2552032470703,0.631722895910357,0.6445021614761386,True,,
0,19,180.37669372558594,0.6281708420542724,0.6415081414118059,False,,
0,20,192.66299438476562,0.6333219997031967,0.64661423196323,True,,
0,21,180.34710693359375,0.6309959204685813,0.6451202960068468,False,,
0,22,209.8306121826172,0.6356830142983559,0.648416923888699,True,,
0,23,167.94345092773438,0.6461123253257383,0.6609759821993412,True,,
0,24,192.35655212402344,0.6448319204425274,0.6593651807603329,False,,
0,25,176.66534423828125,0.6582483776999082,0.6747521911181499,True,,
0,26,168.2977752685547,0.6620829157510504,0.6786381088043382,True,,
0,27,179.38809204101562,0.6702130420115733,0.6861367869326233,True,,
0,28,168.05517578125,0.6699342127408117,0.6858538606649438,False,,
0,29,192.3571014404297,0.6723860629416728,0.6896944563714077,True,,
0,30,167.43878173828125,0.6747623200001475,0.6918178292903615,True,,
0,31,170.76205444335938,0.678784378781804,0.6959366627739232,True,,
0,32,170.6649169921875,0.6758183853441451,0.6934543869534249,False,,
0,33,192.14617919921875,0.6835557574584071,0.7016463053844281,True,,
0,34,167.4912872314453,0.6847534883038146,0.7012805438570238,True,,
0,35,178.64358520507812,0.6828255279215079,0.7003083344380915,False,,
0,36,175.93975830078125,0.6819724085156763,0.6996810843554041,False,,
0,37,170.3494873046875,0.6916110842020154,0.7108160408612814,True,,
0,38,173.45289611816406,0.6962685308394401,0.7164252704524924,True,,
0,39,175.5834503173828,0.6992538853991566,0.7175540622038425,True,,
0,40,170.119384765625,0.6897478454459283,0.7103503872275528,False,,
0,41,170.0896759033203,0.6957145464971981,0.7161521239298466,False,,
0,42,162.17591857910156,0.6987502106180816,0.7180874381207969,False,,
0,43,190.7366180419922,0.7012115746834705,0.7203488051216954,True,,
0,44,163.58953857421875,0.7076485656024434,0.7283770799003473,True,,
0,45,169.90081787109375,0.7027116438582757,0.7233923742882977,False,,
0,46,169.7344207763672,0.7111399941456625,0.7310516972403034,True,,
0,47,166.33724975585938,0.7160418323038347,0.7359928380207681,True,,
0,48,208.14938354492188,0.706774084324579,0.7280023717351047,False,,
0,49,167.79539489746094,0.7090181996835466,0.7286432903338843,False,,
0,50,207.67578125,0.7239492442840663,0.7440835902558581,True,,
0,51,163.26177978515625,0.7258438242543206,0.746417461589501,True,,
0,52,157.8704071044922,0.7297539525047281,0.7501488683829634,True,,
0,53,169.17318725585938,0.7286519273166261,0.7484452622686165,False,,
0,54,190.06166076660156,0.7313312878538986,0.7526852357545967,True,,
0,55,167.25018310546875,0.7314136839506356,0.7515082355474217,True,,
0,56,168.93356323242188,0.7353974970336044,0.7565267124941012,True,,
0,57,163.27700805664062,0.7379203465466699,0.7586912421532863,True,,
0,58,169.00762939453125,0.7378132351437046,0.7588127166149792,False,,
0,59,157.85255432128906,0.7390221625752577,0.7600434168825547,True,,
0,60,177.19874572753906,0.7386078634208784,0.7599753143294233,False,,
0,61,157.59840393066406,0.7419773288950353,0.7635858380174793,True,,
0,62,157.58377075195312,0.7442695522020373,0.7650502437048362,True,,
0,63,165.04837036132812,0.7418865017610263,0.762735584795385,False,,
0,64,207.4001922607422,0.745595803917854,0.7669744680389328,True,,
0,65,189.810791015625,0.7469896219699523,0.7683213477451658,True,,
0,66,165.81365966796875,0.7475967759478811,0.7685534123493297,True,,
0,67,168.59817504882812,0.7493223865489512,0.7703337356351997,True,,
0,68,162.51641845703125,0.7493009175166504,0.7706513330030162,False,,
0,69,165.2972869873047,0.748234099483386,0.7691728835549789,False,,
0,70,190.2146759033203,0.7485118245096599,0.7695883739403331,False,,
0,71,165.6754608154297,0.7502053280769345,0.771549406753283,True,,
0,72,157.41070556640625,0.7542537840640924,0.7753591431401251,True,,
0,73,176.9382781982422,0.7502939554533643,0.7723118115455394,False,,
0,74,171.7943572998047,0.7539409018823305,0.7764090150796505,False,,
0,75,165.05177307128906,0.7534305412590623,0.7750963433870895,False,,
0,76,160.6283721923828,0.7560868542470454,0.777344274362916,True,,
0,77,165.353515625,0.7594883803375346,0.7808035967117273,True,,
0,78,171.5808563232422,0.7617805559927746,0.7831283398480651,True,,
0,79,164.8947296142578,0.7646201888737493,0.7854903382438564,True,,
0,80,165.27166748046875,0.7619588785046729,0.783444675543489,False,,
0,81,176.32228088378906,0.7637149190367059,0.7851070170210528,False,,
0,82,157.04229736328125,0.7651579589729146,0.7865793278710073,True,,
0,83,171.39724731445312,0.763068213560774,0.7840438669727963,False,,
0,84,189.09893798828125,0.7633815377783914,0.7850362244653462,False,,
0,85,176.40518188476562,0.7639978270252571,0.7851749187535844,False,,
0,86,168.10182189941406,0.7667587905733211,0.7885179959512396,True,,
0,87,165.01953125,0.767160878958344,0.7887797815272937,True,,
0,88,168.04893493652344,0.765928889221221,0.7882253032853274,False,,
0,89,176.4114532470703,0.7632512631058229,0.78464185613644,False,,
0,90,168.07464599609375,0.7676264614717353,0.7894527823479865,True,,
0,91,189.926513671875,0.7690558734274735,0.7912320351069666,True,,
0,92,162.28428649902344,0.7687257858229786,0.7906691569861315,False,,
0,93,162.26942443847656,0.7679062630771376,0.7899737627518025,False,,
0,94,166.309326171875,0.7699600751746127,0.7915576616513441,True,,
0,95,167.90621948242188,0.7683028526760979,0.7907956083621597,False,,
0,96,168.0001983642578,0.7714335059152159,0.7934788564765397,True,,
0,97,173.55145263671875,0.7707355374218333,0.7926815143111274,False,,
0,98,171.13497924804688,0.7713533466321623,0.7931413796125866,False,,
0,99,164.6455535888672,0.772672418654486,0.7948352087385248,True,,
