{"tag": "gatv2", "type": "GATv2", "train_cfg": {"learning_rate": 0.005, "weight_decay": 0.0005, "max_epoch": 300, "step_lr": {"step": 100, "gamma": 0.5}}, "model_kwargs": {"internal_dim": 1024, "num_layers": 3, "num_heads": 8, "dropout": 0.1}}
0,0,196.0413055419922,0.5066785165754913,0.5107531352287074,True,,
0,1,195.391357421875,0.5061329025724295,0.5118465082236481,False,,
0,2,194.9037322998047,0.5228541170570156,0.5300565899300435,True,,
0,3,194.33335876464844,0.5352742381934925,0.543648615864387,True,,
0,4,194.73294067382812,0.5471508359457697,0.5577192451115864,True,,
0,5,193.91087341308594,0.5731681484485169,0.5829391662252307,True,,
0,6,194.01211547851562,0.5731293320730939,0.5821567306122167,False,,
0,7,193.52854919433594,0.5845239088211813,0.5938732686003281,True,,
0,8,193.39678955078125,0.5940987747687342,0.6065568944315991,True,,
0,9,193.19644165039062,0.5885866117700566,0.6023166023166024,False,,
0,10,193.132080078125,0.6052245204787579,0.6173020026921212,True,,
0,11,192.97857666015625,0.6093312995128674,0.6222517192845946,True,,
0,12,192.82350158691406,0.6122974300779142,0.6254241652336242,True,,
0,13,192.85018920898438,0.6192293501821704,0.6334985257858935,True,,
0,14,192.52162170410156,0.6249810938350777,0.6398868196859818,True,,
0,15,192.2960662841797,0.6396138090258647,0.6535551138543083,True,,
0,16,192.07601928710938,0.6474962556818393,0.6618794662206163,True,,
0,17,191.87518310546875,0.6447800091982216,0.6620214343864658,False,,
0,18,191.85520935058594,0.6471726567313107,0.6654471240098563,False,,
0,19,191.84161376953125,0.6619236947333644,0.678785144691974,True,,
0,20,191.8250732421875,0.6577167830619084,0.6739343745002009,False,,
0,21,191.6524200439453,0.6629079730525214,0.6798322272550176,True,,
0,22,191.35055541992188,0.6678031966767665,0.6863455183382624,True,,
0,23,191.16566467285156,0.6771376750621715,0.6968866261993342,True,,
0,24,191.11219787597656,0.6783046409409546,0.6994447154417218,True,,
0,25,191.1565399169922,0.6738564328442607,0.6947436954728938,False,,
0,26,190.92762756347656,0.6954868071940992,0.7142422729038344,True,,
0,27,190.85353088378906,0.6898478943634541,0.7105032616165586,False,,
0,28,190.83895874023438,0.6925628122040445,0.7120834327096116,False,,
0,29,190.75372314453125,0.6894529278732033,0.7129406136516842,False,,
0,30,190.52178955078125,0.7061751843824433,0.726225850243086,True,,
0,31,190.48475646972656,0.707605956817599,0.7304870631067427,True,,
0,32,190.2476348876953,0.7123794242215049,0.7338157025080878,True,,
0,33,190.0912322998047,0.7198456682666787,0.7429199780519319,True,,
0,34,189.9884490966797,0.7209702121142506,0.7454847797949031,True,,
0,35,190.04263305664062,0.7139834569528445,0.7351184948454049,False,,
0,36,189.9014434814453,0.725634253580089,0.749154535447621,True,,
0,37,189.7445831298828,0.7273271531956231,0.7515152847548173,True,,
0,38,189.6997528076172,0.7347104430289301,0.7588454686040501,True,,
0,39,189.60638427734375,0.737861588264018,0.761200198743344,True,,
0,40,189.5635528564453,0.7383582360187607,0.7622566639498829,True,,
0,41,189.4181671142578,0.7345208539281751,0.7612881345480892,False,,
0,42,189.5970458984375,0.7399554795377106,0.7664269402043465,True,,
0,43,189.46717834472656,0.7452724704033604,0.7707565094770571,True,,
0,44,189.60302734375,0.7455090546487745,0.7692512447254622,True,,
0,45,189.5736846923828,0.7433192713699721,0.7708094079774296,False,,
0,46,189.229736328125,0.7587639832478443,0.7821339065928558,True,,
0,47,189.16038513183594,0.7597823924587204,0.7860115864527629,True,,
0,48,189.11404418945312,0.7620111646489706,0.7877857637011975,True,,
0,49,188.9620819091797,0.7630202934166703,0.7888327532319931,True,,
0,50,188.97120666503906,0.7601536308914536,0.7845187228560832,False,,
0,51,189.02093505859375,0.7604059671816658,0.7874230939496056,False,,
0,52,189.228515625,0.7632355295355273,0.787951421469007,True,,
0,53,188.86737060546875,0.7663895107131435,0.7912356312268385,True,,
0,54,188.97862243652344,0.7722712870865535,0.7974689821827887,True,,
0,55,188.88011169433594,0.7724068881896898,0.7975569750230034,True,,
0,56,188.7661590576172,0.7711411863244105,0.7968018219601136,False,,
0,57,188.84385681152344,0.7757491316168857,0.8022326428244688,True,,
0,58,188.81585693359375,0.7638312638051459,0.7894285246438513,False,,
0,59,188.7344512939453,0.7794902828952913,0.8039134696319846,True,,
0,60,188.51658630371094,0.7804375628286329,0.8069538315193837,True,,
0,61,188.68109130859375,0.7840775665078791,0.8087189169358519,True,,
0,62,188.44444274902344,0.785499348600548,0.8119436468054558,True,,
0,63,188.68467712402344,0.7686536706268228,0.7954618701276076,False,,
0,64,188.7864990234375,0.7815628231619822,0.806673977060691,False,,
0,65,188.63507080078125,0.7870506445742307,0.8109060727501719,True,,
0,66,188.60958862304688,0.7832970708116789,0.8083220616501744,False,,
0,67,188.53395080566406,0.7881633304919888,0.8135082388398923,True,,
0,68,188.43040466308594,0.7897013254471331,0.8154249913449404,True,,
0,69,188.19300842285156,0.7945137744744879,0.8191950296893106,True,,
0,70,188.3600616455078,0.7956672261446257,0.8216535361603252,True,,
0,71,188.18800354003906,0.7936666412620988,0.8178908044312665,False,,
0,72,188.35824584960938,0.7898986277755318,0.8155754136189094,False,,
0,73,188.3991241455078,0.7948283590343632,0.8209604814842447,False,,
0,74,188.06846618652344,0.796912191651766,0.8227975367600855,True,,
0,75,188.2719268798828,0.7965929667946899,0.8235634607963672,False,,
0,76,188.21998596191406,0.8007956066986203,0.8259424156094733,True,,
0,77,188.39694213867188,0.7945295266423015,0.8204402381917494,False,,
0,78,188.25489807128906,0.7930589102941809,0.8197584124245039,False,,
0,79,188.06851196289062,0.7958949143820933,0.8196840328349302,False,,
0,80,188.03512573242188,0.801469913426535,0.8271133239286106,True,,
0,81,188.02674865722656,0.8019462882987699,0.8274607701675443,True,,
0,82,188.24290466308594,0.7952526329237991,0.8218559735944155,False,,
0,83,188.12445068359375,0.8001276893610147,0.8264424588029275,False,,
0,84,188.12091064453125,0.7994377526913962,0.8245195905211405,False,,
0,85,188.11978149414062,0.8015867529934028,0.8268252605433468,False,,
0,86,188.11294555664062,0.8033277146430319,0.8290309936127646,True,,
0,87,187.99244689941406,0.8037347043071982,0.8293247024561765,True,,
0,88,188.01596069335938,0.8061758568836286,0.8321386444061336,True,,
0,89,188.02850341796875,0.8088513028577875,0.8351787092965167,True,,
0,90,188.1392822265625,0.7995039335331802,0.8256895435091772,False,,
0,91,188.28627014160156,0.8024376925777137,0.8290920844183041,False,,
0,92,188.0333709716797,0.8064064986841897,0.8347551762955354,False,,
0,93,187.98974609375,0.8049673699059074,0.8314770315145569,False,,
0,94,187.9287567138672,0.8082406291658663,0.8346031099341346,False,,
0,95,187.89605712890625,0.8116967352454859,0.8364976783767374,True,,
0,96,187.86895751953125,0.8136389403199624,0.83909428885513,True,,
0,97,187.80760192871094,0.8149768102390961,0.841371200415681,True,,
0,98,187.85580444335938,0.8020736669621308,0.8268850083071158,False,,
0,99,187.7069091796875,0.8157497807658579,0.8412608257072492,True,,
0,100,187.42796325683594,0.8240242195888717,0.84926324173636,True,,
0,101,187.24130249023438,0.829052712483187,0.853438470079079,True,,
0,102,187.14349365234375,0.8295479723084936,0.854463586975014,True,,
0,103,187.06716918945312,0.8335035631305648,0.8577128869638014,True,,
0,104,187.03492736816406,0.8365610328638498,0.860664212369021,True,,
0,105,187.01943969726562,0.8351404498748621,0.858544555129456,False,,
0,106,186.95562744140625,0.8376846454630533,0.8621999958821283,True,,
0,107,186.96461486816406,0.8336312766840263,0.8567334789546951,False,,
0,108,187.05934143066406,0.838201119989341,0.8625291203427455,True,,
0,109,186.99740600585938,0.8375487541422691,0.8617329879377832,False,,
0,110,187.01588439941406,0.8388771861068927,0.8636918895919404,True,,
0,111,186.90655517578125,0.8386632511390525,0.8628369279926965,False,,
0,112,186.85064697265625,0.8384399044009215,0.8625493732733625,False,,
0,113,186.96311950683594,0.8367117863253526,0.8608277689019977,False,,
0,114,186.906494140625,0.8412782078084623,0.8671398193918974,True,,
0,115,187.03793334960938,0.8297651255960377,0.8540700524921396,False,,
0,116,186.91021728515625,0.8363066632283878,0.860498736740334,False,,
0,117,186.9558868408203,0.8330100913319631,0.8579088229443571,False,,
0,118,187.0431671142578,0.8390958405157721,0.862898753625033,False,,
0,119,186.9185028076172,0.83693145928518,0.8607089501561863,False,,
0,120,186.8582763671875,0.8375525506044652,0.8614665950790296,False,,
0,121,187.1020050048828,0.8372068662501189,0.8621731614694633,False,,
0,122,187.08872985839844,0.840251400197445,0.8659717561329735,False,,
0,123,186.91342163085938,0.8371837866129064,0.8614867698837165,False,,
0,124,187.1236114501953,0.8413877349662697,0.8661628568621043,True,,
0,125,186.89353942871094,0.8384038099327602,0.8636335657895036,False,,
0,126,187.0753173828125,0.8342883638260467,0.8586851692493941,False,,
0,127,186.86886596679688,0.8397732926222551,0.8654543464280339,False,,
0,128,186.85023498535156,0.8399396431019718,0.863608845596588,False,,
0,129,186.85498046875,0.8400055258401126,0.8650139119870595,False,,
0,130,186.9256134033203,0.8416873931291777,0.8652237032526883,True,,
0,131,186.87181091308594,0.8454839570932735,0.8708416532745225,True,,
0,132,186.80043029785156,0.8481478787259183,0.8718469899723098,True,,
0,133,186.76626586914062,0.8431218626612619,0.8661140782661705,False,,
0,134,186.86460876464844,0.8464935253463906,0.8708141208393301,False,,
0,135,186.80194091796875,0.8475177374755218,0.8727834170415538,False,,
0,136,186.720458984375,0.8472237737705367,0.8709907602232184,False,,
0,137,186.605712890625,0.8460729586890577,0.870404273289657,False,,
0,138,186.83421325683594,0.8475250880273016,0.8721219099096615,False,,
0,139,186.822998046875,0.8467467556106536,0.8719881316541277,False,,
0,140,186.71556091308594,0.8402755980267926,0.8638465560442098,False,,
0,141,186.79884338378906,0.8442357708530183,0.8691024087052411,False,,
0,142,186.64068603515625,0.846284058152528,0.8716733386709368,False,,
0,143,186.881103515625,0.8461166009648464,0.8718943175053802,False,,
0,144,186.8325653076172,0.8393957390666804,0.8629381503883117,False,,
0,145,186.82192993164062,0.8447061549306009,0.8706774019018974,False,,
0,146,186.78799438476562,0.8458554232871414,0.86983687169169,False,,
0,147,186.68148803710938,0.85084043160663,0.8759332935558111,True,,
0,148,186.6676788330078,0.8481595961610273,0.8729621303505501,False,,
0,149,186.69586181640625,0.8498687087138949,0.8740161629955846,False,,
0,150,186.68898010253906,0.8505573249975872,0.8757249550027929,False,,
0,151,186.61978149414062,0.8504653632699697,0.8745423301638218,False,,
0,152,186.7734375,0.8472147164576868,0.8709976808725575,False,,
0,153,186.64773559570312,0.8508578279869937,0.8749177889760459,True,,
0,154,186.73292541503906,0.8504484340273947,0.8754078622046159,False,,
0,155,186.68617248535156,0.8482706722828689,0.8723041790363097,False,,
0,156,186.84613037109375,0.8500417145156698,0.8740060559244682,False,,
0,157,186.77978515625,0.8497704240241796,0.8747985274185868,False,,
0,158,186.5923309326172,0.8513612544816989,0.876512437513509,True,,
0,159,186.6790008544922,0.8510659186811159,0.8755684110161721,False,,
0,160,186.6746368408203,0.8475356691014643,0.8710563757014239,False,,
0,161,186.63670349121094,0.8506140263240891,0.8739527720504271,False,,
0,162,186.62353515625,0.8505572799097065,0.8741667277122555,False,,
0,163,186.5851287841797,0.853734823113324,0.8786802252801593,True,,
0,164,186.7598419189453,0.8488480828060667,0.8723874318572005,False,,
0,165,186.57801818847656,0.8499794508483863,0.8735303797699804,False,,
0,166,186.698974609375,0.8495524654515851,0.8740775624788537,False,,
0,167,186.5791473388672,0.851487796197581,0.8762281775326461,False,,
0,168,186.61477661132812,0.8522833654564764,0.8752820324681281,False,,
0,169,186.66339111328125,0.8471063335836982,0.8717011774259034,False,,
0,170,186.55235290527344,0.8533586736470574,0.8774209855125746,False,,
0,171,186.64065551757812,0.8501547709136275,0.8742338013501539,False,,
0,172,186.57040405273438,0.8520956731005352,0.8767729438441554,False,,
0,173,186.4600067138672,0.8504043758546591,0.8745414928945674,False,,
0,174,186.53018188476562,0.8548413190073906,0.8798076369423672,True,,
0,175,186.55149841308594,0.8534410628047856,0.8779912988749178,False,,
0,176,186.66351318359375,0.8535845604474345,0.876297849425406,False,,
0,177,186.48777770996094,0.8533458122538543,0.8779495094965422,False,,
0,178,186.6439666748047,0.8524470186428273,0.8772977803918145,False,,
0,179,186.62179565429688,0.8523819972884651,0.876500429430289,False,,
0,180,186.62876892089844,0.8537820283332482,0.8776164218780848,False,,
0,181,186.5186309814453,0.8508227034084823,0.874672854082644,False,,
0,182,186.5260467529297,0.8551235352363485,0.8795885893503679,True,,
0,183,186.52566528320312,0.8502222969511886,0.8744183071338334,False,,
0,184,186.68746948242188,0.8550494051299419,0.8789810966124633,False,,
0,185,186.62083435058594,0.8477036088226447,0.8708085554363141,False,,
0,186,186.73992919921875,0.8499079333986288,0.8753385238414644,False,,
0,187,186.6756591796875,0.8478227509270573,0.8719719724268298,False,,
0,188,186.5087127685547,0.8509405183570935,0.8754717844316857,False,,
0,189,186.58905029296875,0.851986649184389,0.8765889236194598,False,,
0,190,186.49505615234375,0.8540579957305923,0.8779999679423328,False,,
0,191,186.6241455078125,0.8538895626416436,0.8782923904603949,False,,
0,192,186.60427856445312,0.8502589278397183,0.8748366914660033,False,,
0,193,186.6136016845703,0.8558812764902421,0.878584984996025,True,,
0,194,186.3914031982422,0.8567891419609891,0.8809813799848677,True,,
0,195,186.62692260742188,0.852594254287575,0.8762704657574332,False,,
0,196,186.5771484375,0.855557040017604,0.8796006741149945,False,,
0,197,186.58462524414062,0.857120313714351,0.8811678199894957,True,,
0,198,186.4711456298828,0.8580285942353136,0.8804711323205617,True,,
0,199,186.55743408203125,0.8546126703367889,0.8789330499858021,False,,
0,200,186.19558715820312,0.8597910101699986,0.8835499099737165,True,,
0,201,186.51290893554688,0.8644869217296354,0.888996805111821,True,,
0,202,186.076416015625,0.8658658060403219,0.8906630336480451,True,,
0,203,186.02825927734375,0.8661277860326895,0.8903898099904868,True,,
0,204,186.0392303466797,0.8668966870329157,0.8907997157677165,True,,
0,205,186.0885467529297,0.8680379520513656,0.8920436614750599,True,,
0,206,185.96697998046875,0.8687005236393132,0.8927349137430636,True,,
0,207,186.0489501953125,0.8695946713317088,0.8937213690286467,True,,
0,208,185.95449829101562,0.8690565692487002,0.8931945005877624,False,,
0,209,185.93258666992188,0.8690388294789657,0.8922170401757982,False,,
0,210,185.95021057128906,0.8716943430165659,0.8953622952155839,True,,
0,211,185.9670867919922,0.8717762716052827,0.8949940796192345,True,,
0,212,185.88865661621094,0.8704611741144869,0.8935449126260468,False,,
0,213,185.89842224121094,0.8712537019543131,0.8948266271955241,False,,
0,214,185.96585083007812,0.8719510245836131,0.8959125397731907,True,,
0,215,185.89892578125,0.87113444213306,0.8953586340764049,False,,
0,216,185.96392822265625,0.8698676667474465,0.8935087112783735,False,,
0,217,185.8925018310547,0.8723580059156718,0.8963402557883233,True,,
0,218,185.92556762695312,0.8709978265322152,0.8948383468954331,False,,
0,219,185.89353942871094,0.8716694601349215,0.8953877471347705,False,,
0,220,185.91212463378906,0.8715403140736023,0.8950543551513067,False,,
0,221,185.91253662109375,0.8724678495816511,0.8955648134579196,True,,
0,222,185.97479248046875,0.8711668859427184,0.8941733050405261,False,,
0,223,185.814697265625,0.8719315059232424,0.8948653894373195,False,,
0,224,185.9837646484375,0.8712703251628595,0.8949266192863229,False,,
0,225,185.93629455566406,0.8722449946547272,0.895733682445709,False,,
0,226,186.10769653320312,0.8726699093989378,0.8958344482266797,True,,
0,227,185.9564208984375,0.8705488193367962,0.8937263962735109,False,,
0,228,186.01959228515625,0.8717779088488946,0.8958202381118668,False,,
0,229,185.9456329345703,0.8734381450598017,0.896781870981414,True,,
0,230,185.8932342529297,0.8727837241604707,0.8967323365295304,False,,
0,231,186.00042724609375,0.8734294974591078,0.8966821953637297,False,,
0,232,186.0365447998047,0.8717800990952689,0.8950726602157175,False,,
0,233,185.95278930664062,0.872426131645862,0.8962961239588665,False,,
0,234,186.0834503173828,0.8707372484847523,0.8948465574074934,False,,
0,235,185.85646057128906,0.8715370542888187,0.8948634833272618,False,,
0,236,186.01336669921875,0.8718602306822045,0.8952708352689771,False,,
0,237,185.81112670898438,0.8710857749957384,0.894647918660786,False,,
0,238,185.9352569580078,0.8728194637363338,0.8959677081831666,False,,
0,239,185.97727966308594,0.8715524128638374,0.8952039327565537,False,,
0,240,186.0216064453125,0.8721564200060822,0.8959620040802858,False,,
0,241,185.92637634277344,0.872315786122475,0.8953958559915224,False,,
0,242,186.03485107421875,0.8727758750313258,0.8958659633304673,False,,
0,243,185.90188598632812,0.8737227792323903,0.8972638797653824,True,,
0,244,185.97027587890625,0.8729655202665386,0.8962146916321089,False,,
0,245,185.92758178710938,0.8736326290145375,0.8974308843176413,False,,
0,246,185.8070068359375,0.8728779937359074,0.896587850737095,False,,
0,247,185.99913024902344,0.873894691929332,0.8973147734048897,True,,
0,248,186.09751892089844,0.8741614596350912,0.8979074694567074,True,,
0,249,185.97860717773438,0.8740618378999534,0.8971186894872363,False,,
0,250,185.72950744628906,0.8749234237300352,0.8980987687197348,True,,
0,251,185.95013427734375,0.8759048645357198,0.8987417811405078,True,,
0,252,185.9477081298828,0.8755352275204442,0.8983845144908257,False,,
0,253,185.9210662841797,0.8750656513916099,0.8982053517725007,False,,
0,254,185.93853759765625,0.8750997645656267,0.8979660423595309,False,,
0,255,185.87794494628906,0.8756946252929746,0.8987188535585584,False,,
0,256,185.94888305664062,0.8728249202986159,0.8967424736694939,False,,
0,257,186.0018768310547,0.8735871481330812,0.8969364132232175,False,,
0,258,185.76959228515625,0.8709356126441435,0.8940183139319344,False,,
0,259,185.96119689941406,0.8716941182068342,0.8947251351965041,False,,
0,260,185.8999481201172,0.8730579433301496,0.8960960542511437,False,,
0,261,185.93218994140625,0.8733144003336445,0.8960220586699346,False,,
0,262,185.91696166992188,0.8771450928281103,0.900010746006457,True,,
0,263,185.97462463378906,0.8740800640544303,0.8976762596628483,False,,
0,264,185.95970153808594,0.874408995826329,0.8980067118314077,False,,
0,265,185.9185028076172,0.8691495678694515,0.8922312706590586,False,,
0,266,185.83749389648438,0.8726182915211179,0.895914119227797,False,,
0,267,185.87051391601562,0.8731755337940561,0.8959630857699353,False,,
0,268,186.06492614746094,0.8737439147881342,0.8972668346802317,False,,
0,269,185.9472198486328,0.8743301525313524,0.8975179307028,False,,
0,270,185.8115997314453,0.8741016980116723,0.897358905941939,False,,
0,271,185.98387145996094,0.8746296237295695,0.8984001043005345,False,,
0,272,185.79603576660156,0.8737595474845125,0.8972028199515757,False,,
0,273,186.0659942626953,0.8751249309264139,0.8985146553692854,False,,
0,274,185.96873474121094,0.8726700566360037,0.8959202596198425,False,,
0,275,185.90769958496094,0.8750144387220635,0.897606729445044,False,,
0,276,185.92953491210938,0.8751403253158812,0.8978829244912061,False,,
0,277,185.97080993652344,0.873520580806075,0.896679001053917,False,,
0,278,185.90127563476562,0.8746912033224733,0.8978285990639191,False,,
0,279,185.91848754882812,0.8746100068758024,0.8965688585074987,False,,
0,280,185.9124298095703,0.8765821709594056,0.9000119019558881,False,,
0,281,185.82455444335938,0.8755390932094147,0.8988596268842438,False,,
0,282,185.81167602539062,0.878565616947438,0.900643763800774,True,,
0,283,185.85276794433594,0.8775974427634755,0.8999316979698212,False,,
0,284,185.91058349609375,0.875150136415339,0.8987483080529702,False,,
0,285,185.94857788085938,0.8763830621798075,0.8991046888054682,False,,
0,286,185.86720275878906,0.875520050935644,0.8985600223144242,False,,
0,287,185.85736083984375,0.8759379739563766,0.8980205380790856,False,,
0,288,185.92149353027344,0.8776972957644094,0.9004793506023955,False,,
0,289,185.82398986816406,0.8728638780139262,0.8952718183711725,False,,
0,290,185.85403442382812,0.874120998189504,0.896469912234363,False,,
0,291,185.97479248046875,0.8734999663247639,0.8966442517575853,False,,
0,292,185.94137573242188,0.8730722054781762,0.89697742634868,False,,
0,293,186.00494384765625,0.8754701535685973,0.8980264991730621,False,,
0,294,185.8546600341797,0.8747314313148608,0.8968603208109581,False,,
0,295,185.7598419189453,0.8767213376113513,0.8996038926108857,False,,
0,296,185.9288787841797,0.8767020751381566,0.899510465430111,False,,
0,297,185.88558959960938,0.8762768405213252,0.898926841975504,False,,
0,298,185.82977294921875,0.8763774954050333,0.8996664387098576,False,,
0,299,185.79649353027344,0.8763517158057947,0.8991834616664456,False,,
