{"tag": "vanilla-transformer", "type": "vanilla", "train_cfg": {"learning_rate": 0.005, "weight_decay": 0.0005, "max_epoch": 100, "step_lr": {"step": 25, "gamma": 0.5}}, "model_kwargs": {"internal_dim": 256, "num_layers": 3, "num_heads": 8, "skip_conn": true, "identity_bias": 0.0, "pos_emb_dim": 64, "dropout_att": 0.1, "dropout_hidden": 0.1}}
0,0,171.8960723876953,0.50166135337823,0.5051037525798351,True,,
0,1,171.86578369140625,0.5005984750459052,0.503856544783353,False,,
0,2,171.84286499023438,0.4979033365463536,0.5011245122754899,False,,
0,3,171.84471130371094,0.4911072809210542,0.49353226758807706,False,,
0,4,171.8234405517578,0.4911072809210542,0.49353226758807706,False,,
0,5,171.81369018554688,0.4969758865248227,0.49974526619682436,False,,
0,6,171.81695556640625,0.4969758865248227,0.49974526619682436,False,,
0,7,171.8169708251953,0.4969758865248227,0.49974526619682436,False,,
0,8,171.82156372070312,0.49429754141221943,0.4968061614692735,False,,
0,9,171.8193817138672,0.49654014184397166,0.4990447482380911,False,,
0,10,171.8377685546875,0.4991378519878606,0.5018044499304372,False,,
0,11,171.83946228027344,0.4991378519878606,0.5018044499304372,False,,
0,12,171.8364715576172,0.4969668085106383,0.4996391271121678,False,,
0,13,171.8415985107422,0.49429754141221943,0.4968061614692735,False,,
0,14,171.8423614501953,0.49429754141221943,0.4968061614692735,False,,
0,15,171.835205078125,0.4937539016518817,0.49627295739753324,False,,
0,16,171.8323211669922,0.4937539016518817,0.49627295739753324,False,,
0,17,171.83079528808594,0.4937539016518817,0.49627295739753324,False,,
0,18,171.83045959472656,0.4937539016518817,0.49627295739753324,False,,
0,19,171.82936096191406,0.4937539016518817,0.49627295739753324,False,,
0,20,171.82861328125,0.4969668085106383,0.4996391271121678,False,,
0,21,171.8279571533203,0.4969668085106383,0.4996391271121678,False,,
0,22,171.8279571533203,0.4969668085106383,0.4996391271121678,False,,
0,23,171.82730102539062,0.4969668085106383,0.4996391271121678,False,,
0,24,171.82826232910156,0.4969668085106383,0.4996391271121678,False,,
0,25,171.81024169921875,0.4969668085106383,0.4996391271121678,False,,
0,26,171.8110809326172,0.4969668085106383,0.4996391271121678,False,,
0,27,171.81088256835938,0.4969668085106383,0.4996391271121678,False,,
0,28,171.81126403808594,0.4969668085106383,0.4996391271121678,False,,
0,29,171.81150817871094,0.4969668085106383,0.4996391271121678,False,,
0,30,171.81166076660156,0.4969668085106383,0.4996391271121678,False,,
0,31,171.8119354248047,0.4969668085106383,0.4996391271121678,False,,
0,32,171.8121337890625,0.4969668085106383,0.4996391271121678,False,,
0,33,171.81231689453125,0.4969668085106383,0.4996391271121678,False,,
0,34,171.8123779296875,0.4969668085106383,0.4996391271121678,False,,
0,35,171.81260681152344,0.4969668085106383,0.4996391271121678,False,,
0,36,171.81271362304688,0.4969668085106383,0.4996391271121678,False,,
0,37,171.8128204345703,0.4969668085106383,0.4996391271121678,False,,
0,38,171.81283569335938,0.4969668085106383,0.4996391271121678,False,,
0,39,171.8129425048828,0.4969668085106383,0.4996391271121678,False,,
0,40,171.81301879882812,0.4969668085106383,0.4996391271121678,False,,
0,41,171.81309509277344,0.4969668085106383,0.4996391271121678,False,,
0,42,171.81295776367188,0.4969668085106383,0.4996391271121678,False,,
0,43,171.8130340576172,0.4969668085106383,0.4996391271121678,False,,
0,44,171.81314086914062,0.4969668085106383,0.4996391271121678,False,,
0,45,171.8133087158203,0.4969668085106383,0.4996391271121678,False,,
0,46,171.81320190429688,0.4969668085106383,0.4996391271121678,False,,
0,47,171.81365966796875,0.4969668085106383,0.4996391271121678,False,,
0,48,171.81350708007812,0.4969668085106383,0.4996391271121678,False,,
0,49,171.813232421875,0.4969668085106383,0.4996391271121678,False,,
0,50,171.80540466308594,0.4969668085106383,0.4996391271121678,False,,
0,51,171.80633544921875,0.4969668085106383,0.4996391271121678,False,,
0,52,171.8061981201172,0.4969668085106383,0.4996391271121678,False,,
0,53,171.80613708496094,0.4969668085106383,0.4996391271121678,False,,
0,54,171.80618286132812,0.4969668085106383,0.4996391271121678,False,,
0,55,171.80625915527344,0.4969668085106383,0.4996391271121678,False,,
0,56,171.80621337890625,0.4969668085106383,0.4996391271121678,False,,
0,57,171.80615234375,0.4969668085106383,0.4996391271121678,False,,
0,58,171.80628967285156,0.4969668085106383,0.4996391271121678,False,,
0,59,171.8061981201172,0.4969668085106383,0.4996391271121678,False,,
0,60,171.80604553222656,0.4969668085106383,0.4996391271121678,False,,
0,61,171.80624389648438,0.4969668085106383,0.4996391271121678,False,,
0,62,171.8061065673828,0.4969668085106383,0.4996391271121678,False,,
0,63,171.8060760498047,0.4969668085106383,0.4996391271121678,False,,
0,64,171.80616760253906,0.4969668085106383,0.4996391271121678,False,,
0,65,171.8061981201172,0.4969668085106383,0.4996391271121678,False,,
0,66,171.8061065673828,0.4969668085106383,0.4996391271121678,False,,
0,67,171.80613708496094,0.4969668085106383,0.4996391271121678,False,,
0,68,171.8061981201172,0.4969668085106383,0.4996391271121678,False,,
0,69,171.8060760498047,0.4969668085106383,0.4996391271121678,False,,
0,70,171.8060760498047,0.4969668085106383,0.4996391271121678,False,,
0,71,171.80613708496094,0.4969668085106383,0.4996391271121678,False,,
0,72,171.80624389648438,0.4969668085106383,0.4996391271121678,False,,
0,73,171.8060760498047,0.4969668085106383,0.4996391271121678,False,,
0,74,171.8060302734375,0.4969668085106383,0.4996391271121678,False,,
0,75,171.8038787841797,0.4969668085106383,0.4996391271121678,False,,
0,76,171.80345153808594,0.4969668085106383,0.4996391271121678,False,,
0,77,171.80355834960938,0.4969668085106383,0.4996391271121678,False,,
0,78,171.80360412597656,0.4969668085106383,0.4996391271121678,False,,
0,79,171.8036346435547,0.4969668085106383,0.4996391271121678,False,,
0,80,171.8036651611328,0.4969668085106383,0.4996391271121678,False,,
0,81,171.80360412597656,0.4969668085106383,0.4996391271121678,False,,
0,82,171.80360412597656,0.4969668085106383,0.4996391271121678,False,,
0,83,171.803466796875,0.4969668085106383,0.4996391271121678,False,,
0,84,171.80369567871094,0.4969668085106383,0.4996391271121678,False,,
0,85,171.80348205566406,0.4969668085106383,0.4996391271121678,False,,
0,86,171.80357360839844,0.4969668085106383,0.4996391271121678,False,,
0,87,171.8035430908203,0.4969668085106383,0.4996391271121678,False,,
0,88,171.80349731445312,0.4969668085106383,0.4996391271121678,False,,
0,89,171.8034210205078,0.4969668085106383,0.4996391271121678,False,,
0,90,171.8033905029297,0.4969668085106383,0.4996391271121678,False,,
0,91,171.80360412597656,0.4969668085106383,0.4996391271121678,False,,
0,92,171.8033447265625,0.4969668085106383,0.4996391271121678,False,,
0,93,171.8035125732422,0.4969668085106383,0.4996391271121678,False,,
0,94,171.8032684326172,0.4969668085106383,0.4996391271121678,False,,
0,95,171.80348205566406,0.4969668085106383,0.4996391271121678,False,,
0,96,171.80345153808594,0.4969668085106383,0.4996391271121678,False,,
0,97,171.803466796875,0.4969668085106383,0.4996391271121678,False,,
0,98,171.80337524414062,0.4969668085106383,0.4996391271121678,False,,
0,99,171.8033905029297,0.4969668085106383,0.4996391271121678,False,,
