{"tag": "vanilla-transformer", "type": "vanilla", "train_cfg": {"learning_rate": 0.005, "weight_decay": 0.0005, "max_epoch": 100, "step_lr": {"step": 50, "gamma": 0.5}}, "model_kwargs": {"internal_dim": 128, "num_layers": 1, "num_heads": 8, "skip_conn": true, "identity_bias": 0.0, "pos_emb_dim": 40}}
0,0,172.480224609375,0.49983356956902236,0.5026926834801484,True,,
0,1,172.47328186035156,0.4976931110907347,0.500559640992918,False,,
0,2,172.4643096923828,0.4969668085106383,0.4996391271121678,False,,
0,3,172.4606475830078,0.49286251630521055,0.49547877633794335,False,,
0,4,172.45819091796875,0.4860863109223164,0.4886595503365473,False,,
0,5,172.4086456298828,0.5022646028218055,0.5054764993823109,True,,
0,6,172.28854370117188,0.5105529451178134,0.5144028996566196,True,,
0,7,172.04827880859375,0.5272464428507198,0.5320105570741824,True,,
0,8,171.7331085205078,0.5415449252698886,0.5476570088148515,True,,
0,9,171.46087646484375,0.5531177559624749,0.5614978365996437,True,,
0,10,171.34170532226562,0.5645328925416983,0.57195283426797,True,,
0,11,171.3676300048828,0.5582622429079075,0.5657521684039567,False,,
0,12,171.10897827148438,0.5645053657476741,0.5723771700896403,False,,
0,13,171.00393676757812,0.5704576960354635,0.5776841420703577,True,,
0,14,171.20729064941406,0.572071054724707,0.5800028928741163,True,,
0,15,171.0655059814453,0.5684777413827269,0.5774508617323252,False,,
0,16,170.91671752929688,0.5751919135511617,0.583128338248685,True,,
0,17,170.93038940429688,0.5739734101774838,0.5826093829390843,False,,
0,18,170.76612854003906,0.5776911632990754,0.5862000689662844,True,,
0,19,170.7276153564453,0.5819487089454972,0.5906713077182415,True,,
0,20,170.74000549316406,0.5835296537836935,0.5921647541002543,True,,
0,21,170.61666870117188,0.5893571860566348,0.5989721619699928,True,,
0,22,170.53860473632812,0.5934368761679489,0.603670677472515,True,,
0,23,170.31829833984375,0.5922706524793607,0.6011357604642537,False,,
0,24,170.5697784423828,0.5945315246745921,0.6048038934106467,True,,
0,25,170.21835327148438,0.6003091405390033,0.6113910458557978,True,,
0,26,170.0426788330078,0.6078726347699216,0.6177346913514756,True,,
0,27,170.0039520263672,0.6058213977764383,0.6171942439640826,False,,
0,28,169.81155395507812,0.614184547008289,0.6253897236264996,True,,
0,29,169.85867309570312,0.6097843552118272,0.6196746021190762,False,,
0,30,169.60006713867188,0.6186652964223778,0.6298230767196467,True,,
0,31,169.5045623779297,0.6221280332970579,0.6324594607224637,True,,
0,32,169.50021362304688,0.6258677754178456,0.6368321187714447,True,,
0,33,169.2565460205078,0.6247023548729984,0.636503490285003,False,,
0,34,169.32308959960938,0.6176952310391449,0.6307931120670376,False,,
0,35,169.1824951171875,0.6324220659572068,0.6442956553787833,True,,
0,36,168.95851135253906,0.6382959533401479,0.6488752834268221,True,,
0,37,169.0154571533203,0.6400309029598541,0.6524618159323186,True,,
0,38,168.77484130859375,0.6462396574154782,0.6579851612861372,True,,
0,39,168.6986846923828,0.6513941556993085,0.6621495631057436,True,,
0,40,168.8016815185547,0.6459284214929744,0.657314769010162,False,,
0,41,168.62161254882812,0.6487384326337042,0.6621943130057932,False,,
0,42,168.4547576904297,0.6507329678282252,0.6647784638837032,False,,
0,43,168.43360900878906,0.6580811044132431,0.6704622516642934,True,,
0,44,168.4654083251953,0.6538528285584525,0.6671070783220316,False,,
0,45,168.47386169433594,0.6556110568617141,0.6698485117423669,False,,
0,46,168.24188232421875,0.6659356044668024,0.6777800215839679,True,,
0,47,168.14244079589844,0.6654581594708376,0.6782037258885011,False,,
0,48,168.18690490722656,0.6678128458501736,0.6827009432185087,True,,
0,49,167.8985595703125,0.6771249616096938,0.6900995619620801,True,,
0,50,167.4938507080078,0.6914641536478608,0.705457439319274,True,,
0,51,167.27589416503906,0.6966891249534989,0.7111013708236996,True,,
0,52,167.127685546875,0.7022091047645278,0.7164024773047688,True,,
0,53,167.03994750976562,0.7058755511126695,0.7206809377919169,True,,
0,54,166.91871643066406,0.7086067343075162,0.7234864861324004,True,,
0,55,166.8214874267578,0.7124388086774788,0.728171890337961,True,,
0,56,166.73458862304688,0.7141324661732824,0.7299566819793541,True,,
0,57,166.66793823242188,0.7138976343213952,0.7303754864111452,False,,
0,58,166.6332550048828,0.7161847303242347,0.7331787161441672,True,,
0,59,166.7069091796875,0.7155728413766916,0.7315409265722362,False,,
0,60,166.64598083496094,0.7202873587362938,0.7356631762847152,True,,
0,61,166.5063018798828,0.7257568892991938,0.7421237544027327,True,,
0,62,166.35629272460938,0.7279797983651018,0.7445151433490198,True,,
0,63,166.35621643066406,0.7266909386509302,0.74447917062836,False,,
0,64,166.3480682373047,0.7280696937737983,0.7458076392899262,True,,
0,65,166.1782684326172,0.7315519725544471,0.7483531953322827,True,,
0,66,166.133544921875,0.7339079723630774,0.7507926721860138,True,,
0,67,166.03892517089844,0.7385136582081403,0.7569843869122537,True,,
0,68,165.9173583984375,0.73895478503793,0.7569422214206812,True,,
0,69,165.8977813720703,0.7411655199547073,0.7593258190150968,True,,
0,70,165.83868408203125,0.7419273293330317,0.7593056076821091,True,,
0,71,165.79837036132812,0.7435009729829316,0.7619457810379443,True,,
0,72,165.7117156982422,0.7444103446479929,0.7628493570254261,True,,
0,73,165.7140655517578,0.7399046638268657,0.7593749572778105,False,,
0,74,165.6869354248047,0.7468606133544716,0.7650218360271936,True,,
0,75,165.6642608642578,0.7456782702677709,0.7636677156917037,False,,
0,76,165.7651824951172,0.7507129122513443,0.7703573822907535,True,,
0,77,165.75863647460938,0.7498520600985762,0.7690055051877934,False,,
0,78,165.79994201660156,0.7488807255194581,0.7673248299471741,False,,
0,79,165.62216186523438,0.7556841845470391,0.7750452071421654,True,,
0,80,165.36256408691406,0.7623346833308191,0.7820264922203951,True,,
0,81,165.29701232910156,0.7631027656589341,0.7831198597815828,True,,
0,82,165.20257568359375,0.7681216995300616,0.7881244864560204,True,,
0,83,165.12510681152344,0.7676617136326517,0.7879405872692161,False,,
0,84,165.06185913085938,0.7693326831959563,0.7887019699850697,True,,
0,85,165.02098083496094,0.7714654754228026,0.7915062042923922,True,,
0,86,165.14553833007812,0.7684598539577147,0.7890487619004288,False,,
0,87,165.0359344482422,0.7649803456018596,0.785160785160785,False,,
0,88,165.02206420898438,0.7753992050763545,0.7966271951059488,True,,
0,89,164.8133544921875,0.778982259859068,0.7991652494427093,True,,
0,90,164.7714080810547,0.7803033228055815,0.8008967536704363,True,,
0,91,164.7220916748047,0.779309347245393,0.8004039711809846,False,,
0,92,164.69552612304688,0.7812408835781883,0.8031726124750649,True,,
0,93,164.65110778808594,0.785158847557914,0.8071782638470015,True,,
0,94,164.61138916015625,0.7836170557092546,0.8047236255605533,False,,
0,95,164.5959930419922,0.7857715115974556,0.806621301842144,True,,
0,96,164.52218627929688,0.788836681154313,0.8101144230703258,True,,
0,97,164.52642822265625,0.7882302346451653,0.8097178992566156,False,,
0,98,164.55601501464844,0.7854188476504631,0.8074813818020941,False,,
0,99,164.3650360107422,0.7870802484297695,0.8090974538429293,False,,
