{"tag": "universal-transformer", "type": "universal", "train_cfg": {"learning_rate": 0.005, "weight_decay": 0.0005, "max_epoch": 100, "step_lr": {"step": 25, "gamma": 0.5}}, "model_kwargs": {"internal_dim": 256, "num_layers": 3, "num_heads": 8, "skip_conn": true, "identity_bias": 0.0, "pos_emb_dim": 32, "dropout_att": 0.2, "dropout_hidden": 0.1}}
0,0,169.25897216796875,0.5056993476892304,0.5090014145452837,True,,
0,1,168.7025909423828,0.5378411687732405,0.5430205887508733,True,,
0,2,168.43890380859375,0.5430609829191111,0.5484358891388924,True,,
0,3,168.19189453125,0.5534119656295031,0.559116848164669,True,,
0,4,168.06011962890625,0.5592534495828583,0.5655830558511551,True,,
0,5,167.9196014404297,0.5677297021347529,0.5744238779244034,True,,
0,6,167.7765655517578,0.5752057707373155,0.5828897862888075,True,,
0,7,167.59375,0.578923569451897,0.5876413209542837,True,,
0,8,167.6454315185547,0.5768066444151206,0.5844976149626198,False,,
0,9,167.4491729736328,0.582487863662609,0.5903594352638123,True,,
0,10,167.4709930419922,0.5813781921361978,0.5905629064600365,False,,
0,11,167.62464904785156,0.5766964630237938,0.584827824366387,False,,
0,12,167.58285522460938,0.5782846624048342,0.5863907650283448,False,,
0,13,167.69142150878906,0.5753754932951132,0.5839817206346442,False,,
0,14,167.53273010253906,0.5782375236891978,0.5862438011763348,False,,
0,15,167.67474365234375,0.5727917894106713,0.5806135702709226,False,,
0,16,167.75892639160156,0.5723087084985462,0.5799799868879612,False,,
0,17,167.7575225830078,0.5715812814082516,0.5801956936531972,False,,
0,18,167.8217315673828,0.5685161089856874,0.5765248479057752,False,,
0,19,167.7760467529297,0.5731935486417571,0.5813536912057211,False,,
0,20,167.89715576171875,0.5681493514764469,0.5774644019388414,False,,
0,21,168.05514526367188,0.5641924861518283,0.5741018358093835,False,,
0,22,168.03363037109375,0.5668197922593922,0.5747135493918718,False,,
0,23,168.00808715820312,0.5655369451644062,0.5728513497018495,False,,
0,24,167.9150390625,0.569187035413074,0.5767814236758059,False,,
0,25,167.7012481689453,0.5745719329043457,0.5823153759464854,False,,
0,26,167.6609344482422,0.5748477679090874,0.5826263083451203,False,,
0,27,167.62631225585938,0.5736284700028517,0.5816343592456944,False,,
0,28,167.5146484375,0.5763067705771776,0.5862860818088349,False,,
0,29,167.54544067382812,0.5779081723372838,0.586637349367733,False,,
0,30,167.51296997070312,0.5765882491094845,0.5853187217858355,False,,
0,31,167.55506896972656,0.5764381861204857,0.5844013976999015,False,,
0,32,167.5733184814453,0.575074656812422,0.5843923438247762,False,,
0,33,167.52232360839844,0.5791734315908186,0.5879376593935961,False,,
0,34,167.4976806640625,0.5800622764472327,0.5880987198812122,False,,
0,35,167.47557067871094,0.5808570116759559,0.5898312571981078,False,,
0,36,167.41896057128906,0.5806739059154822,0.5894409435370053,False,,
0,37,167.46131896972656,0.5787999650644852,0.588231570856975,False,,
0,38,167.58209228515625,0.5750418340514603,0.5839161788257435,False,,
0,39,167.49244689941406,0.5779783018904181,0.5876010540490965,False,,
0,40,167.478515625,0.5805836867241203,0.588899962290578,False,,
0,41,167.36090087890625,0.5819086093072967,0.59122255361071,False,,
0,42,167.35572814941406,0.5822443353264504,0.591338385867188,False,,
0,43,167.34817504882812,0.5812583497185987,0.5902829935471066,False,,
0,44,167.2627410888672,0.5855998386884127,0.5943456378115123,True,,
0,45,167.2748565673828,0.5851061145178793,0.5937808579064184,False,,
0,46,167.28143310546875,0.583833548149512,0.5944262784418545,False,,
0,47,167.31924438476562,0.5792071200602806,0.588160521716303,False,,
0,48,167.23870849609375,0.5852848043183843,0.5950083134533362,False,,
0,49,167.30564880371094,0.5862675418957156,0.5954040577028296,True,,
0,50,167.13351440429688,0.591756850103615,0.6018094205306701,True,,
0,51,167.06591796875,0.5940177120800894,0.6034488803190323,True,,
0,52,167.1302032470703,0.5919173400330459,0.6019611036048923,False,,
0,53,167.0425262451172,0.5953540496936922,0.6045169853126678,True,,
0,54,166.97894287109375,0.5963744629531921,0.6066286759130857,True,,
0,55,167.02867126464844,0.5967920188775052,0.6066821355817728,True,,
0,56,167.06358337402344,0.595209400987404,0.6049825335539621,False,,
0,57,166.965087890625,0.5977156030598343,0.6071857828733969,True,,
0,58,166.9849090576172,0.5985953051643192,0.6082045953275064,True,,
0,59,166.88571166992188,0.5998146431881372,0.6109611040519554,True,,
0,60,166.94154357910156,0.5976013927877751,0.6081844576390888,False,,
0,61,166.86968994140625,0.6007750335459476,0.6099841148825753,True,,
0,62,166.83851623535156,0.6011956234255155,0.6113304386477747,True,,
0,63,166.75975036621094,0.6030486751260266,0.6125064114647949,True,,
0,64,166.74676513671875,0.6016111681441694,0.611989927543582,False,,
0,65,166.85336303710938,0.6011823984129284,0.6112563976800093,False,,
0,66,166.80645751953125,0.6021437649731749,0.6127483316713968,False,,
0,67,166.76480102539062,0.6030564749106838,0.6133637394215813,True,,
0,68,166.79835510253906,0.6023114859014419,0.6122399538380897,False,,
0,69,166.7594757080078,0.6031805813176155,0.61347295307641,True,,
0,70,166.7099151611328,0.6047684988931279,0.615522130440143,True,,
0,71,166.69825744628906,0.6056664542075368,0.6156683001106811,True,,
0,72,166.72244262695312,0.6039931752183593,0.613785097679869,False,,
0,73,166.8140411376953,0.600896505216391,0.6111325732072098,False,,
0,74,166.92250061035156,0.6004761310905412,0.6100775075623773,False,,
0,75,166.9038848876953,0.6001167674256549,0.6098723903282053,False,,
0,76,166.8539581298828,0.603173306954067,0.6123623319320433,False,,
0,77,166.77200317382812,0.6040347584704184,0.6134554374488962,False,,
0,78,166.77500915527344,0.603834281676522,0.6133886104031272,False,,
0,79,166.71307373046875,0.6068302638539257,0.6163566686836267,True,,
0,80,166.62525939941406,0.6074390742917147,0.6181103308177062,True,,
0,81,166.5992889404297,0.608704116933491,0.619322183676237,True,,
0,82,166.61399841308594,0.6088459590721628,0.6191774954215457,True,,
0,83,166.58387756347656,0.609323350861044,0.620670588081627,True,,
0,84,166.54478454589844,0.609964827385353,0.6213007945714459,True,,
0,85,166.5385284423828,0.6106659867949924,0.621582525676262,True,,
0,86,166.50424194335938,0.6109828480628124,0.6225607477860734,True,,
0,87,166.47137451171875,0.6134783911317505,0.6241588406558525,True,,
0,88,166.40972900390625,0.6138333159019259,0.6256697101088565,True,,
0,89,166.40682983398438,0.6137261168519754,0.6248353009956109,False,,
0,90,166.37657165527344,0.6132437045243584,0.6255948597998169,False,,
0,91,166.3780059814453,0.6156562243161423,0.6277982586183523,True,,
0,92,166.55801391601562,0.6106630765320054,0.6217929635387381,False,,
0,93,166.65074157714844,0.6059226197185216,0.6176733402564784,False,,
0,94,166.57534790039062,0.6081791112283744,0.6196392732650259,False,,
0,95,166.50096130371094,0.6098657218500049,0.6218111202407911,False,,
0,96,166.40249633789062,0.6120133648684161,0.6246713409290096,False,,
0,97,166.42596435546875,0.6137748666149634,0.6258935767312945,False,,
0,98,166.3651885986328,0.6145010201666085,0.6274632879833026,False,,
0,99,166.4137725830078,0.6130424449114019,0.6248437032210344,False,,
