{"tag": "universal-transformer", "type": "universal", "train_cfg": {"learning_rate": 0.005, "weight_decay": 0.0005, "max_epoch": 300, "step_lr": {"step": 50, "gamma": 0.5}}, "model_kwargs": {"internal_dim": 128, "num_layers": 2, "num_heads": 8, "skip_conn": true, "identity_bias": 0.0, "pos_emb_dim": 40}}
0,0,162.7628173828125,0.5137213551182336,0.5180306402398059,True,,
0,1,162.207763671875,0.5448115992467698,0.5501004769629324,True,,
0,2,161.62640380859375,0.5732543119517487,0.5822719331864576,True,,
0,3,161.0761260986328,0.5947210209479559,0.603369858059436,True,,
0,4,160.6431884765625,0.6086230364853871,0.6186340838709236,True,,
0,5,160.33006286621094,0.614065401632399,0.6261244296536722,True,,
0,6,160.0397491455078,0.626304059504765,0.6380977754702846,True,,
0,7,159.7122802734375,0.6364440929100329,0.6482676786333971,True,,
0,8,159.56634521484375,0.6428288877238341,0.6547830886411304,True,,
0,9,159.3239288330078,0.6414671386336214,0.655322099900646,False,,
0,10,159.1030731201172,0.6535614646575384,0.6679800263553388,True,,
0,11,158.8236846923828,0.6612875072494778,0.6760993391572884,True,,
0,12,158.76136779785156,0.6625374920471415,0.6770437136235782,True,,
0,13,158.39332580566406,0.6798415350102621,0.6947943054911335,True,,
0,14,158.38592529296875,0.680992566606293,0.696955280685062,True,,
0,15,158.1975555419922,0.6884478301701689,0.7061677816115193,True,,
0,16,157.9020538330078,0.6960039655303897,0.7124657263130743,True,,
0,17,157.88975524902344,0.6999707914012919,0.7168118646434247,True,,
0,18,157.6056365966797,0.7069456698420078,0.7248406451699118,True,,
0,19,157.4054412841797,0.7155870387755682,0.733805008444935,True,,
0,20,157.2415771484375,0.7193513265715431,0.7382678358533243,True,,
0,21,157.1185760498047,0.7246257664508614,0.7434106460499423,True,,
0,22,156.84988403320312,0.7311539548993986,0.751184839403291,True,,
0,23,156.7626953125,0.7382507822636037,0.7573112703165099,True,,
0,24,156.75636291503906,0.7371928716166761,0.7573288326300984,False,,
0,25,156.58627319335938,0.7417534581037977,0.7610406054464228,True,,
0,26,156.38670349121094,0.7512765891997477,0.7715298499091379,True,,
0,27,156.34336853027344,0.7526188213849406,0.7737763584063782,True,,
0,28,156.14266967773438,0.7555918716744,0.7762868106168971,True,,
0,29,156.02040100097656,0.7638367277690806,0.7848801461264552,True,,
0,30,155.84902954101562,0.7689406905034026,0.7901718413445348,True,,
0,31,155.848388671875,0.7720905811545306,0.7924483711460152,True,,
0,32,155.72305297851562,0.7732638392149432,0.7933972743775232,True,,
0,33,155.6697540283203,0.7783536063046086,0.7991502510621862,True,,
0,34,155.5657196044922,0.7796350008083822,0.8013847923380897,True,,
0,35,155.44805908203125,0.7857335982225775,0.8063321014307145,True,,
0,36,155.399658203125,0.7859005791015129,0.8069763564820417,True,,
0,37,155.4005889892578,0.7853846273581969,0.8068730713610641,False,,
0,38,155.2989044189453,0.7874747372773919,0.8094014355730363,True,,
0,39,155.203369140625,0.7928184012383949,0.8148778960551033,True,,
0,40,155.11215209960938,0.7962060949653272,0.8177041515407295,True,,
0,41,154.95118713378906,0.8025486706214102,0.8248009309741325,True,,
0,42,154.9081573486328,0.8017034899573735,0.8241959307051995,False,,
0,43,154.85305786132812,0.8076644874935699,0.8295848806396581,True,,
0,44,154.7320098876953,0.8104477023725073,0.8316916448797732,True,,
0,45,154.7071533203125,0.8087253804019439,0.8318180459804464,False,,
0,46,154.67190551757812,0.8128716210219911,0.8356227180060123,True,,
0,47,154.60659790039062,0.8146661097889645,0.8373547563409428,True,,
0,48,154.6007843017578,0.8141103178932555,0.8357754739199704,False,,
0,49,154.6234588623047,0.8154765456852893,0.8376511546942091,True,,
0,50,154.1605987548828,0.8253555170449056,0.8482006879756329,True,,
0,51,153.98423767089844,0.8350933552281518,0.857550798308971,True,,
0,52,153.85287475585938,0.8368864807508429,0.8584586787750439,True,,
0,53,153.71620178222656,0.8400546564043782,0.862515255715963,True,,
0,54,153.66383361816406,0.842079770043752,0.8636791949237118,True,,
0,55,153.64755249023438,0.843680294436301,0.8654387704280879,True,,
0,56,153.5670623779297,0.8430837261923462,0.864114590229817,False,,
0,57,153.5634002685547,0.8401013471416505,0.8617634754551527,False,,
0,58,153.53369140625,0.8383813765532314,0.8597870823848611,False,,
0,59,153.65481567382812,0.8465232800194983,0.8688374177913809,True,,
0,60,153.50975036621094,0.8468318921658212,0.8692998204667863,True,,
0,61,153.40380859375,0.8495571686753003,0.8707598466689672,True,,
0,62,153.3712158203125,0.8525176466814616,0.8736457192085475,True,,
0,63,153.31820678710938,0.8553290339218328,0.8769818210050088,True,,
0,64,153.29086303710938,0.8552288185271137,0.8764917615809505,False,,
0,65,153.25376892089844,0.8553987610487884,0.8765939469329797,True,,
0,66,153.26148986816406,0.8559548380484217,0.8770276801509059,True,,
0,67,153.2447967529297,0.8594703531585363,0.8805774680790315,True,,
0,68,153.2243194580078,0.8593390259074055,0.8809608612275417,False,,
0,69,153.1686248779297,0.8609576352767013,0.8822148760330578,True,,
0,70,153.1357421875,0.8592436298038204,0.8813529815844697,False,,
0,71,153.14501953125,0.8596768065804575,0.8809274354577274,False,,
0,72,153.1029052734375,0.8612714784244155,0.8827236733455195,True,,
0,73,153.06805419921875,0.8636621040028476,0.8845846051429502,True,,
0,74,153.0897216796875,0.8622388279037183,0.8836429958227924,False,,
0,75,153.0886688232422,0.8587001357612845,0.8809242815930463,False,,
0,76,153.14830017089844,0.8601067519073611,0.8815542652970076,False,,
0,77,153.10726928710938,0.8630182636896393,0.884959613733702,False,,
0,78,153.22828674316406,0.858483463134626,0.8797175068335661,False,,
0,79,153.18991088867188,0.8608456709987301,0.8832567059750469,False,,
0,80,153.10084533691406,0.8637306464897069,0.884627095720399,True,,
0,81,153.07069396972656,0.8615312746661512,0.883778328870425,False,,
0,82,153.01663208007812,0.8665485189631119,0.8875876444949781,True,,
0,83,152.9857635498047,0.8670941899983816,0.8878122984837713,True,,
0,84,152.98597717285156,0.86772943220617,0.8882712749601444,True,,
0,85,152.95852661132812,0.8677904720144861,0.8893228549489511,True,,
0,86,152.94989013671875,0.8672449027031288,0.8885393491948779,False,,
0,87,152.90316772460938,0.8694719076964271,0.8900913872436764,True,,
0,88,152.8969268798828,0.8698680940391349,0.890993844782291,True,,
0,89,152.9010772705078,0.8696348364709506,0.8902782282214747,False,,
0,90,152.88442993164062,0.867662964517483,0.888373266553953,False,,
0,91,152.84768676757812,0.8700403684457033,0.8911505094559181,True,,
0,92,152.8967742919922,0.8688210152391302,0.8899029640418408,False,,
0,93,153.0204315185547,0.8672489684188363,0.8878798331120445,False,,
0,94,152.902587890625,0.8664576751982465,0.8873680296347898,False,,
0,95,152.84934997558594,0.8691549213025147,0.890339728113465,False,,
0,96,152.89251708984375,0.8704315689807886,0.890771712046822,True,,
0,97,152.9224853515625,0.8679569648327188,0.8890539648593214,False,,
0,98,152.8706817626953,0.8693509060421712,0.8910987225698277,False,,
0,99,152.81060791015625,0.8709180841884375,0.8913073295779711,True,,
0,100,152.63140869140625,0.877980736483827,0.8985965229558207,True,,
0,101,152.4995880126953,0.8807117373804995,0.9006848743999906,True,,
0,102,152.45005798339844,0.8824594238026569,0.9024589792457285,True,,
0,103,152.39468383789062,0.8844536481152616,0.9036819751859619,True,,
0,104,152.36260986328125,0.8848496021138661,0.9042793115640798,True,,
0,105,152.3310546875,0.8859625361176778,0.9052191986911939,True,,
0,106,152.33319091796875,0.8862601954822696,0.9058241226957451,True,,
0,107,152.31747436523438,0.8859332898606,0.905739880716086,False,,
0,108,152.29461669921875,0.8874316939890711,0.9066639845972585,True,,
0,109,152.2857208251953,0.8878581375305711,0.907259040547957,True,,
0,110,152.28253173828125,0.8874996403572588,0.9068204892439132,False,,
0,111,152.26321411132812,0.8873440175541132,0.9064738914348416,False,,
0,112,152.27639770507812,0.8868560364436658,0.9062183909420246,False,,
0,113,152.26840209960938,0.8879904679732117,0.9071620450399115,True,,
0,114,152.2736053466797,0.8883538859443167,0.9074332255359923,True,,
0,115,152.25205993652344,0.8890366323814856,0.9082598274209013,True,,
0,116,152.2653045654297,0.889357521937999,0.9084444017898916,True,,
0,117,152.26002502441406,0.8887116894753824,0.9078955559067032,False,,
0,118,152.25405883789062,0.8869358572511421,0.9066752010394102,False,,
0,119,152.24928283691406,0.888194757783338,0.9074404349218947,False,,
0,120,152.23204040527344,0.8891687190977944,0.9086479318390555,False,,
0,121,152.24420166015625,0.8893861603007234,0.908631803096284,True,,
0,122,152.2559814453125,0.8884291153102547,0.9076316375469001,False,,
0,123,152.2464141845703,0.8890514498607012,0.9084784475933185,False,,
0,124,152.26629638671875,0.8887979350274061,0.9081539468228156,False,,
0,125,152.26339721679688,0.8885365538488045,0.9075944130524715,False,,
0,126,152.2386016845703,0.8867158030320067,0.9061421686574603,False,,
0,127,152.24928283691406,0.8890275132969992,0.9079535256602013,False,,
0,128,152.22413635253906,0.8886271414299634,0.908331737215093,False,,
0,129,152.2166290283203,0.8891355649292451,0.908686651843901,False,,
0,130,152.24769592285156,0.8903166457659561,0.9098524535012256,True,,
0,131,152.22837829589844,0.8907253642487858,0.9096997834676857,True,,
0,132,152.2303924560547,0.8902206786088539,0.9099778398135091,False,,
0,133,152.2334442138672,0.8892168433584088,0.9091540275566516,False,,
0,134,152.21755981445312,0.8897689362444698,0.909687446864051,False,,
0,135,152.180419921875,0.8906385479291059,0.9101489010370107,False,,
0,136,152.20803833007812,0.8902510419854932,0.9103128698827396,False,,
0,137,152.17672729492188,0.8912265373702074,0.9108608329649631,True,,
0,138,152.2021484375,0.8918242807087012,0.9111948887623414,True,,
0,139,152.1818389892578,0.8922298001854226,0.9118552149423876,True,,
0,140,152.2041778564453,0.8922729673521936,0.911366121531825,True,,
0,141,152.1651153564453,0.8926812947144062,0.9124210981929232,True,,
0,142,152.2170867919922,0.8898050313045727,0.909582156703202,False,,
0,143,152.1943817138672,0.8896755065333979,0.9089725174758211,False,,
0,144,152.2192840576172,0.888304921328492,0.9080201208976868,False,,
0,145,152.2081756591797,0.8912841647607618,0.9108603877012728,False,,
0,146,152.25039672851562,0.8917104476933034,0.9115666573545137,False,,
0,147,152.22476196289062,0.8910384503319744,0.9107786103673454,False,,
0,148,152.2070770263672,0.8903137099114712,0.9099311036131635,False,,
0,149,152.2064666748047,0.8890200490621022,0.9085817727899907,False,,
0,150,152.11192321777344,0.8937532138963736,0.9126146035036701,True,,
0,151,152.02200317382812,0.8936038287099868,0.9127271420528731,False,,
0,152,151.9865264892578,0.8956200801591649,0.9145699927729877,True,,
0,153,151.9556427001953,0.8973371460685301,0.9159974966300789,True,,
0,154,151.93487548828125,0.8984132245100882,0.9171654880729209,True,,
0,155,151.9197540283203,0.8980295209822398,0.9166226849341479,False,,
0,156,151.91285705566406,0.8971792463540752,0.9161755579396045,False,,
0,157,151.9160614013672,0.8967074814231724,0.9154395954208561,False,,
0,158,151.9216766357422,0.8964848175260662,0.9151131656360689,False,,
0,159,151.9224090576172,0.8956636221509093,0.9143187504647854,False,,
0,160,151.90538024902344,0.8958361196099692,0.9145266128084113,False,,
0,161,151.89540100097656,0.895799429280346,0.9146673832098575,False,,
0,162,151.9263153076172,0.8972249435398211,0.9159392556728441,False,,
0,163,151.95755004882812,0.8977654359562233,0.9164020450153954,False,,
0,164,151.9891815185547,0.8987820732836177,0.9174698562000426,True,,
0,165,151.962646484375,0.8982273749379434,0.9172668325306873,False,,
0,166,151.94505310058594,0.8983039568794138,0.9169158272615557,False,,
0,167,151.98590087890625,0.8955397487641349,0.914724358527444,False,,
0,168,151.96615600585938,0.8934235524388292,0.9126611003657673,False,,
0,169,152.0140380859375,0.8949114339008776,0.9142105881873122,False,,
0,170,151.9579620361328,0.8955483233207927,0.9145954216102306,False,,
0,171,151.9397735595703,0.896290514253232,0.9154349778800382,False,,
0,172,151.91677856445312,0.8962307148174958,0.915556025583402,False,,
0,173,151.90170288085938,0.898895581497469,0.9176434835460624,True,,
0,174,151.875732421875,0.8992197969027986,0.9179128781756379,True,,
0,175,151.8733673095703,0.8981309087151935,0.9171299183120226,False,,
0,176,151.86061096191406,0.8979494161818705,0.9166708738727692,False,,
0,177,151.86111450195312,0.8975428855471015,0.9167199742199862,False,,
0,178,151.850830078125,0.8978040157262673,0.9167323932824192,False,,
0,179,151.84030151367188,0.8978996330858349,0.9166901135792493,False,,
0,180,151.8542938232422,0.8991629669779507,0.9178168009560892,False,,
0,181,151.86058044433594,0.8999815291766371,0.9186054375760855,True,,
0,182,151.8652801513672,0.900931093269609,0.9195024323859661,True,,
0,183,151.84474182128906,0.9005180743931545,0.9192563113137936,False,,
0,184,151.84805297851562,0.8994286401137331,0.9181919987642879,False,,
0,185,151.85739135742188,0.8981800985840163,0.917298625534588,False,,
0,186,151.88009643554688,0.8977038848766565,0.9166832984266756,False,,
0,187,151.91078186035156,0.8966689998764772,0.9154145718387907,False,,
0,188,151.91725158691406,0.8963201608384693,0.9150720461095101,False,,
0,189,151.89517211914062,0.8958579662641089,0.9143336770665963,False,,
0,190,151.884521484375,0.896515109423712,0.9154497537371469,False,,
0,191,151.89076232910156,0.8983839828683168,0.9174829891009815,False,,
0,192,151.90928649902344,0.8990875189105842,0.9182791386512494,False,,
0,193,151.908203125,0.9007627866695537,0.9193634736181665,False,,
0,194,151.89447021484375,0.8994756006925558,0.9185992556430953,False,,
0,195,151.8876495361328,0.8985761778920159,0.9169866648048594,False,,
0,196,151.901611328125,0.8955240448458884,0.9148030023260832,False,,
0,197,151.87002563476562,0.897192832746918,0.9161056161140289,False,,
0,198,151.8612060546875,0.8977575960043388,0.9166175851914178,False,,
0,199,151.85887145996094,0.8999187003642968,0.9183137832385754,False,,
0,200,151.80429077148438,0.9005114872459383,0.9194484042848287,False,,
0,201,151.77040100097656,0.9014669232729314,0.9201360311066165,True,,
0,202,151.75450134277344,0.9016848693345492,0.9204162774023943,True,,
0,203,151.74371337890625,0.901904532904392,0.9204435977486908,True,,
0,204,151.73707580566406,0.901859018072002,0.9204344897353128,False,,
0,205,151.7334442138672,0.902080227574782,0.9206083936687645,True,,
0,206,151.7294464111328,0.9019791593237769,0.9207338279619754,False,,
0,207,151.72723388671875,0.9021082838469959,0.9207887313057929,True,,
0,208,151.72344970703125,0.9020748006594569,0.9208866645249649,False,,
0,209,151.72320556640625,0.9022377706487275,0.9209242773798452,True,,
0,210,151.71945190429688,0.9020612355798547,0.9209245918431441,False,,
0,211,151.7167510986328,0.9022258540875077,0.9209758972983811,False,,
0,212,151.7161102294922,0.9022497416594386,0.9211664789562981,True,,
0,213,151.7119598388672,0.9022948099756314,0.9210517415483329,True,,
0,214,151.712646484375,0.9022455285531376,0.9211176986680139,False,,
0,215,151.70826721191406,0.902213528431944,0.9210313951184625,False,,
0,216,151.70787048339844,0.902242189688625,0.9211101847488551,False,,
0,217,151.7038116455078,0.9024764718575199,0.9211953960770478,True,,
0,218,151.70504760742188,0.9023442688272014,0.921183087561725,False,,
0,219,151.70291137695312,0.9021754688760872,0.9211173054756089,False,,
0,220,151.7029266357422,0.9024442391721761,0.9212656863053206,False,,
0,221,151.69964599609375,0.9026360623623916,0.9213511396493536,True,,
0,222,151.7015380859375,0.9022636584156258,0.9213059523838295,False,,
0,223,151.6995391845703,0.9024881113425676,0.9213287051361386,False,,
0,224,151.6985321044922,0.9024682850690755,0.9214688295642208,False,,
0,225,151.6968231201172,0.9024781519598383,0.921426499032882,False,,
0,226,151.69651794433594,0.9023674533274674,0.9213991003642533,False,,
0,227,151.6919403076172,0.9025621867314217,0.9215431673376615,False,,
0,228,151.69223022460938,0.902316355578425,0.9212669595773578,False,,
0,229,151.69503784179688,0.902458609907063,0.9214326112913127,False,,
0,230,151.69288635253906,0.902325484865151,0.9215980193998241,False,,
0,231,151.6925048828125,0.903071077057248,0.9217753462824969,True,,
0,232,151.68922424316406,0.9024946605256658,0.9214852854421136,False,,
0,233,151.6881866455078,0.9025883622254729,0.9214833289831115,False,,
0,234,151.6871795654297,0.9025953944978883,0.9216843438800254,False,,
0,235,151.6894073486328,0.902608359952428,0.9215691014848733,False,,
0,236,151.6890106201172,0.9024582083821897,0.9213282698504405,False,,
0,237,151.6874237060547,0.9026422300172273,0.9217091057685101,False,,
0,238,151.6886444091797,0.9027403885070975,0.9215931373141618,False,,
0,239,151.68264770507812,0.902877197354349,0.9219022096668086,False,,
0,240,151.68466186523438,0.9030768719299849,0.9221162689384773,True,,
0,241,151.6903839111328,0.9028955014943787,0.9220194026349078,False,,
0,242,151.691650390625,0.9025032637278934,0.9214731579481773,False,,
0,243,151.6947479248047,0.9018618200503061,0.9211259714353334,False,,
0,244,151.69580078125,0.9021972466038408,0.9210874499010091,False,,
0,245,151.69447326660156,0.9018099847510442,0.9209038456895927,False,,
0,246,151.69091796875,0.9024659444073311,0.921123737800958,False,,
0,247,151.7144775390625,0.9028340249135006,0.9215983202059103,False,,
0,248,151.73031616210938,0.9028851616985054,0.9217861123225275,False,,
0,249,151.71359252929688,0.9027555000780153,0.9213857654314408,False,,
0,250,151.67935180664062,0.9028372929821977,0.9218631753285219,False,,
0,251,151.65896606445312,0.9036285959362882,0.9225091715145824,True,,
0,252,151.64842224121094,0.9039068247852057,0.9226300271600993,True,,
0,253,151.64285278320312,0.903874329011436,0.9226921559085505,False,,
0,254,151.63877868652344,0.9039040724320482,0.922652268132347,False,,
0,255,151.63595581054688,0.903842955966476,0.9227256438319015,False,,
0,256,151.63294982910156,0.9037939421657694,0.9227349549872395,False,,
0,257,151.63133239746094,0.9038015786727425,0.922779258957911,False,,
0,258,151.6297607421875,0.9039144871578956,0.9227718073024376,True,,
0,259,151.628662109375,0.90390656999869,0.922785944348921,False,,
0,260,151.62908935546875,0.903862187984073,0.9228008398741643,False,,
0,261,151.62705993652344,0.9038704270923659,0.9228354847303286,False,,
0,262,151.6265869140625,0.9039784400655447,0.9228325253180802,True,,
0,263,151.62579345703125,0.9038562720831522,0.9228790653064783,False,,
0,264,151.62564086914062,0.9038728257592299,0.9228086829334444,False,,
0,265,151.62374877929688,0.9039035042112925,0.9228660345600078,False,,
0,266,151.6231689453125,0.9039983695403518,0.9229003085537691,True,,
0,267,151.62197875976562,0.903964647777489,0.9228858010490476,False,,
0,268,151.6216278076172,0.9040592708454664,0.9229558187019066,True,,
0,269,151.6209716796875,0.9039902842360066,0.9229345933365463,False,,
0,270,151.62057495117188,0.90406337678112,0.9228548594124628,True,,
0,271,151.618408203125,0.9039827158491421,0.922902186811324,False,,
0,272,151.61788940429688,0.9041011550293594,0.9229401706089508,True,,
0,273,151.6173095703125,0.9040231582187138,0.9228805904731001,False,,
0,274,151.61697387695312,0.9040888482176281,0.9229692283842964,False,,
0,275,151.6166229248047,0.904064864819902,0.9228578555186117,False,,
0,276,151.61474609375,0.9041029214464747,0.9229748222784688,True,,
0,277,151.61459350585938,0.9041618398530846,0.9229103644373831,True,,
0,278,151.615478515625,0.9040421792618629,0.9229785440575905,False,,
0,279,151.61529541015625,0.9040204798456108,0.9227993878578901,False,,
0,280,151.61346435546875,0.9042134434060402,0.9231365575585494,True,,
0,281,151.61167907714844,0.9040923853603969,0.9228213597311147,False,,
0,282,151.61160278320312,0.904012531229263,0.9230295939402308,False,,
0,283,151.61065673828125,0.9041875440687379,0.92290999101436,False,,
0,284,151.6104278564453,0.904071297095496,0.9229878738414518,False,,
0,285,151.61009216308594,0.9041734699183609,0.9228451647747502,False,,
0,286,151.60940551757812,0.9041344351837793,0.9229837645115426,False,,
0,287,151.6097412109375,0.9041535738869491,0.9229569383321264,False,,
0,288,151.60948181152344,0.9041282228341806,0.9228641798310089,False,,
0,289,151.61021423339844,0.9041808802729012,0.9229196542769661,False,,
0,290,151.60845947265625,0.9041342631976321,0.9228876684198801,False,,
0,291,151.60714721679688,0.9042741051501834,0.9229148554365962,True,,
0,292,151.60833740234375,0.9041134639663718,0.9229144667370645,False,,
0,293,151.60536193847656,0.9042439468747531,0.9229442932282031,False,,
0,294,151.60452270507812,0.9042608726396945,0.922847435956422,False,,
0,295,151.60292053222656,0.9044355677609952,0.9231719487263955,True,,
0,296,151.60284423828125,0.9041823007229798,0.922916727205804,False,,
0,297,151.60211181640625,0.9042579968755134,0.9232118287696451,False,,
0,298,151.6038360595703,0.90419429539208,0.9229647748325926,False,,
0,299,151.6035614013672,0.9041324926383736,0.9229644158705944,False,,
