{"tag": "gatv2", "type": "GATv2", "train_cfg": {"learning_rate": 0.005, "weight_decay": 0.0003, "max_epoch": 100}, "model_kwargs": {"internal_dim": 64, "num_layers": 2, "num_heads": 8, "dropout": 0.6}}
0,0,4.0252814292907715,0.548,0.527,True,,
0,1,4.015124797821045,0.57,0.552,True,,
0,2,4.00330924987793,0.518,0.518,False,,
0,3,3.996469497680664,0.53,0.514,False,,
0,4,3.9776995182037354,0.504,0.51,False,,
0,5,3.9592647552490234,0.496,0.499,False,,
0,6,3.9448254108428955,0.484,0.485,False,,
0,7,3.931727409362793,0.462,0.473,False,,
0,8,3.886326313018799,0.438,0.458,False,,
0,9,3.8660504817962646,0.418,0.443,False,,
0,10,3.8212411403656006,0.398,0.426,False,,
0,11,3.794102191925049,0.388,0.411,False,,
0,12,3.752764940261841,0.362,0.393,False,,
0,13,3.7274012565612793,0.354,0.378,False,,
0,14,3.633405923843384,0.34,0.363,False,,
0,15,3.612241506576538,0.314,0.353,False,,
0,16,3.550652027130127,0.306,0.338,False,,
0,17,3.478087902069092,0.296,0.324,False,,
0,18,3.4674923419952393,0.288,0.312,False,,
0,19,3.3881258964538574,0.274,0.301,False,,
0,20,3.3010003566741943,0.266,0.288,False,,
0,21,3.2270567417144775,0.258,0.276,False,,
0,22,3.1853439807891846,0.25,0.265,False,,
0,23,3.120670795440674,0.24,0.258,False,,
0,24,3.0425636768341064,0.238,0.247,False,,
0,25,3.0160562992095947,0.23,0.246,False,,
0,26,2.812711238861084,0.224,0.242,False,,
0,27,2.8514161109924316,0.22,0.234,False,,
0,28,2.7476775646209717,0.212,0.229,False,,
0,29,2.717017412185669,0.212,0.232,False,,
0,30,2.6635196208953857,0.214,0.234,False,,
0,31,2.6767971515655518,0.224,0.24,False,,
0,32,2.58492374420166,0.24,0.256,False,,
0,33,2.4331459999084473,0.256,0.28,False,,
0,34,2.529905080795288,0.292,0.303,False,,
0,35,2.436958074569702,0.328,0.334,False,,
0,36,2.3565309047698975,0.358,0.375,False,,
0,37,2.2457687854766846,0.402,0.432,False,,
0,38,2.3105266094207764,0.468,0.488,False,,
0,39,2.2205677032470703,0.52,0.539,False,,
0,40,2.21890926361084,0.564,0.581,False,,
0,41,2.253563642501831,0.62,0.619,True,,
0,42,2.2925326824188232,0.66,0.664,True,,
0,43,2.1958351135253906,0.68,0.68,True,,
0,44,2.124971866607666,0.686,0.698,True,,
0,45,2.1429312229156494,0.718,0.72,True,,
0,46,2.1611762046813965,0.732,0.727,True,,
0,47,2.1346137523651123,0.734,0.733,True,,
0,48,2.115299940109253,0.748,0.74,True,,
0,49,2.026028871536255,0.768,0.765,True,,
0,50,1.9569451808929443,0.778,0.778,True,,
0,51,1.9851564168930054,0.788,0.784,True,,
0,52,1.9486587047576904,0.792,0.79,True,,
0,53,2.0205061435699463,0.804,0.801,True,,
0,54,1.8925288915634155,0.814,0.803,True,,
0,55,2.002387762069702,0.812,0.807,False,,
0,56,2.016939878463745,0.804,0.806,False,,
0,57,1.9316831827163696,0.8,0.804,False,,
0,58,2.003859281539917,0.798,0.801,False,,
0,59,1.876982569694519,0.8,0.802,False,,
0,60,1.7559092044830322,0.802,0.803,False,,
0,61,1.9057672023773193,0.81,0.806,False,,
0,62,1.8222912549972534,0.806,0.802,False,,
0,63,1.8011224269866943,0.796,0.795,False,,
0,64,1.8406277894973755,0.788,0.795,False,,
0,65,1.780760407447815,0.776,0.789,False,,
0,66,1.8514703512191772,0.772,0.78,False,,
0,67,1.7922414541244507,0.774,0.777,False,,
0,68,1.8968719244003296,0.78,0.776,False,,
0,69,1.817198634147644,0.78,0.779,False,,
0,70,1.745300531387329,0.788,0.781,False,,
0,71,1.7887324094772339,0.788,0.783,False,,
0,72,1.888123869895935,0.79,0.784,False,,
0,73,1.7580313682556152,0.788,0.788,False,,
0,74,1.8001774549484253,0.792,0.789,False,,
0,75,1.7072646617889404,0.79,0.786,False,,
0,76,1.5828461647033691,0.788,0.778,False,,
0,77,1.6337432861328125,0.784,0.779,False,,
0,78,1.7395102977752686,0.784,0.775,False,,
0,79,1.784444808959961,0.786,0.771,False,,
0,80,1.831027626991272,0.784,0.767,False,,
0,81,1.6752893924713135,0.784,0.765,False,,
0,82,1.7299013137817383,0.784,0.76,False,,
0,83,1.7243108749389648,0.778,0.758,False,,
0,84,1.6872073411941528,0.78,0.758,False,,
0,85,1.5174773931503296,0.784,0.758,False,,
0,86,1.5183894634246826,0.78,0.767,False,,
0,87,1.6785563230514526,0.786,0.772,False,,
0,88,1.5821492671966553,0.788,0.776,False,,
0,89,1.5224403142929077,0.79,0.78,False,,
0,90,1.5132637023925781,0.788,0.788,False,,
0,91,1.4922294616699219,0.792,0.795,False,,
0,92,1.5020263195037842,0.792,0.802,False,,
0,93,1.591622233390808,0.792,0.804,False,,
0,94,1.5320862531661987,0.794,0.806,False,,
0,95,1.433665156364441,0.794,0.807,False,,
0,96,1.4118428230285645,0.798,0.808,False,,
0,97,1.5956653356552124,0.796,0.81,False,,
0,98,1.4694573879241943,0.798,0.81,False,,
0,99,1.5215071439743042,0.802,0.813,False,,
