{"tag": "gatv2", "type": "GATv2", "train_cfg": {"learning_rate": 0.01, "weight_decay": 0.0003, "max_epoch": 100}, "model_kwargs": {"internal_dim": 64, "num_layers": 2, "num_heads": 8, "dropout": 0.8}}
0,0,4.035008907318115,0.59,0.576,True,,
0,1,3.677776336669922,0.608,0.599,True,,
0,2,3.361611843109131,0.676,0.692,True,,
0,3,3.075850009918213,0.702,0.717,True,,
0,4,2.7777786254882812,0.74,0.751,True,,
0,5,2.560394525527954,0.796,0.806,True,,
0,6,2.4893531799316406,0.818,0.843,True,,
0,7,2.4266650676727295,0.854,0.854,True,,
0,8,2.2912211418151855,0.86,0.857,True,,
0,9,2.3010501861572266,0.854,0.853,False,,
0,10,2.320323944091797,0.844,0.85,False,,
0,11,2.2138233184814453,0.834,0.848,False,,
0,12,2.2769811153411865,0.836,0.85,False,,
0,13,2.1962873935699463,0.84,0.856,False,,
0,14,2.2007553577423096,0.848,0.862,False,,
0,15,2.159752130508423,0.858,0.866,False,,
0,16,2.1663405895233154,0.864,0.862,True,,
0,17,2.183100938796997,0.862,0.867,False,,
0,18,2.1755738258361816,0.866,0.873,True,,
0,19,2.100660800933838,0.858,0.873,False,,
0,20,2.1155965328216553,0.854,0.865,False,,
0,21,2.053222894668579,0.848,0.863,False,,
0,22,2.0327556133270264,0.854,0.858,False,,
0,23,2.093423366546631,0.86,0.864,False,,
0,24,2.0846595764160156,0.866,0.863,False,,
0,25,2.0706112384796143,0.862,0.859,False,,
0,26,2.0012624263763428,0.864,0.857,False,,
0,27,2.055379867553711,0.868,0.856,True,,
0,28,2.073223114013672,0.874,0.852,True,,
0,29,2.0649685859680176,0.878,0.857,True,,
0,30,2.0944905281066895,0.874,0.86,False,,
0,31,2.0181150436401367,0.87,0.863,False,,
0,32,2.088747501373291,0.864,0.864,False,,
0,33,1.9380557537078857,0.856,0.859,False,,
0,34,2.171355724334717,0.852,0.861,False,,
0,35,2.0070183277130127,0.854,0.862,False,,
0,36,1.9835853576660156,0.85,0.856,False,,
0,37,2.0306448936462402,0.856,0.849,False,,
0,38,1.999050498008728,0.86,0.845,False,,
0,39,1.994820475578308,0.864,0.845,False,,
0,40,1.984581708908081,0.864,0.846,False,,
0,41,1.9845412969589233,0.874,0.849,False,,
0,42,1.9950751066207886,0.878,0.852,False,,
0,43,2.0719172954559326,0.884,0.857,True,,
0,44,1.9278461933135986,0.878,0.859,False,,
0,45,2.0803017616271973,0.876,0.855,False,,
0,46,2.0327188968658447,0.874,0.856,False,,
0,47,2.0437490940093994,0.866,0.85,False,,
0,48,1.9854652881622314,0.86,0.844,False,,
0,49,2.056649923324585,0.864,0.844,False,,
0,50,2.0047097206115723,0.862,0.846,False,,
0,51,2.012873888015747,0.868,0.85,False,,
0,52,2.081407308578491,0.876,0.848,False,,
0,53,2.081109046936035,0.874,0.853,False,,
0,54,1.9919474124908447,0.872,0.855,False,,
0,55,2.131002902984619,0.866,0.854,False,,
0,56,2.060817241668701,0.866,0.849,False,,
0,57,2.0005834102630615,0.858,0.85,False,,
0,58,2.00032114982605,0.864,0.851,False,,
0,59,1.9345978498458862,0.872,0.852,False,,
0,60,1.985250473022461,0.862,0.855,False,,
0,61,2.0852015018463135,0.862,0.853,False,,
0,62,1.9460411071777344,0.866,0.85,False,,
0,63,1.9685628414154053,0.87,0.847,False,,
0,64,2.010948419570923,0.86,0.85,False,,
0,65,1.9174758195877075,0.852,0.85,False,,
0,66,2.0037970542907715,0.85,0.857,False,,
0,67,2.040146827697754,0.852,0.856,False,,
0,68,1.9603626728057861,0.856,0.854,False,,
0,69,1.960110068321228,0.86,0.851,False,,
0,70,2.0170438289642334,0.856,0.851,False,,
0,71,2.0471267700195312,0.856,0.845,False,,
0,72,2.0120222568511963,0.86,0.85,False,,
0,73,1.9708353281021118,0.866,0.856,False,,
0,74,1.9789776802062988,0.866,0.861,False,,
0,75,2.005413055419922,0.866,0.858,False,,
0,76,1.9817757606506348,0.864,0.86,False,,
0,77,1.9983799457550049,0.862,0.857,False,,
0,78,1.9199460744857788,0.86,0.857,False,,
0,79,1.9095970392227173,0.854,0.856,False,,
0,80,2.0164871215820312,0.854,0.852,False,,
0,81,2.0454230308532715,0.858,0.852,False,,
0,82,2.029899835586548,0.864,0.854,False,,
0,83,2.0417487621307373,0.858,0.857,False,,
0,84,2.039442777633667,0.858,0.86,False,,
0,85,1.9945454597473145,0.862,0.857,False,,
0,86,2.053133249282837,0.862,0.853,False,,
0,87,2.0332977771759033,0.862,0.849,False,,
0,88,2.0754895210266113,0.85,0.848,False,,
0,89,1.9100202322006226,0.85,0.851,False,,
0,90,1.9973825216293335,0.85,0.848,False,,
0,91,2.0181140899658203,0.854,0.848,False,,
0,92,1.9297982454299927,0.862,0.855,False,,
0,93,2.033931016921997,0.872,0.85,False,,
0,94,2.050285577774048,0.874,0.844,False,,
0,95,2.045886993408203,0.87,0.851,False,,
0,96,1.9781415462493896,0.87,0.851,False,,
0,97,1.9513015747070312,0.862,0.857,False,,
0,98,2.036607503890991,0.864,0.856,False,,
0,99,2.028628349304199,0.858,0.853,False,,
