{"tag": "vanilla-transformer", "type": "vanilla", "train_cfg": {"learning_rate": 0.0005, "weight_decay": 0.0003, "max_epoch": 100, "step_lr": {"step": 50, "gamma": 0.8}}, "model_kwargs": {"internal_dim": 64, "num_layers": 4, "num_heads": 8, "identity_bias": 0.01, "dropout_hidden": 0.0}}
0,0,2.270846366882324,0.32,0.335,True,,
0,1,1.9405195713043213,0.332,0.35,True,,
0,2,1.8673762083053589,0.442,0.432,True,,
0,3,1.6973812580108643,0.448,0.444,True,,
0,4,1.6057236194610596,0.488,0.482,True,,
0,5,1.50485098361969,0.508,0.483,True,,
0,6,1.4546321630477905,0.572,0.568,True,,
0,7,1.3604577779769897,0.586,0.58,True,,
0,8,1.308984398841858,0.614,0.585,True,,
0,9,1.2338190078735352,0.622,0.589,True,,
0,10,1.1795698404312134,0.64,0.598,True,,
0,11,1.1331100463867188,0.658,0.618,True,,
0,12,1.0600471496582031,0.696,0.667,True,,
0,13,0.9938672780990601,0.74,0.723,True,,
0,14,0.9240402579307556,0.768,0.77,True,,
0,15,0.8588982224464417,0.798,0.781,True,,
0,16,0.8205530643463135,0.818,0.807,True,,
0,17,0.7717780470848083,0.84,0.815,True,,
0,18,0.7297037243843079,0.826,0.828,False,,
0,19,0.6983043551445007,0.836,0.831,False,,
0,20,0.6756682991981506,0.85,0.841,True,,
0,21,0.6524227857589722,0.856,0.844,True,,
0,22,0.6308416724205017,0.854,0.84,False,,
0,23,0.6167899370193481,0.846,0.842,False,,
0,24,0.6006366014480591,0.86,0.847,True,,
0,25,0.5888688564300537,0.856,0.851,False,,
0,26,0.5753525495529175,0.86,0.855,False,,
0,27,0.5592676401138306,0.87,0.853,True,,
0,28,0.5431230664253235,0.876,0.857,True,,
0,29,0.5270360708236694,0.88,0.862,True,,
0,30,0.5152280926704407,0.89,0.869,True,,
0,31,0.5041869282722473,0.894,0.867,True,,
0,32,0.49406078457832336,0.898,0.865,True,,
0,33,0.4842090606689453,0.892,0.864,False,,
0,34,0.4750502109527588,0.892,0.863,False,,
0,35,0.4682271182537079,0.886,0.861,False,,
0,36,0.46071386337280273,0.884,0.864,False,,
0,37,0.45538774132728577,0.886,0.86,False,,
0,38,0.4504430890083313,0.888,0.855,False,,
0,39,0.446003794670105,0.884,0.85,False,,
0,40,0.44009116291999817,0.88,0.849,False,,
0,41,0.43537646532058716,0.878,0.85,False,,
0,42,0.43051454424858093,0.88,0.853,False,,
0,43,0.4268685281276703,0.882,0.853,False,,
0,44,0.4233674705028534,0.884,0.852,False,,
0,45,0.42014381289482117,0.882,0.849,False,,
0,46,0.4171217381954193,0.872,0.849,False,,
0,47,0.41422173380851746,0.874,0.848,False,,
0,48,0.41074180603027344,0.88,0.847,False,,
0,49,0.40771758556365967,0.882,0.847,False,,
0,50,0.40442004799842834,0.874,0.849,False,,
0,51,0.40188175439834595,0.88,0.85,False,,
0,52,0.3993016183376312,0.882,0.851,False,,
0,53,0.3967941105365753,0.882,0.854,False,,
0,54,0.39414477348327637,0.878,0.855,False,,
0,55,0.3916599452495575,0.878,0.855,False,,
0,56,0.3892868161201477,0.878,0.854,False,,
0,57,0.38716933131217957,0.876,0.853,False,,
0,58,0.3850487172603607,0.874,0.854,False,,
0,59,0.38325753808021545,0.874,0.853,False,,
0,60,0.38152360916137695,0.876,0.853,False,,
0,61,0.3798796832561493,0.874,0.854,False,,
0,62,0.37810176610946655,0.876,0.855,False,,
0,63,0.37634119391441345,0.874,0.856,False,,
0,64,0.3746045231819153,0.874,0.857,False,,
0,65,0.3728122413158417,0.876,0.857,False,,
0,66,0.3711871802806854,0.874,0.859,False,,
0,67,0.36957111954689026,0.874,0.856,False,,
0,68,0.36792707443237305,0.874,0.855,False,,
0,69,0.3664350211620331,0.874,0.855,False,,
0,70,0.3648012578487396,0.876,0.854,False,,
0,71,0.3631758391857147,0.88,0.853,False,,
0,72,0.3616049289703369,0.88,0.854,False,,
0,73,0.35998013615608215,0.876,0.853,False,,
0,74,0.35839974880218506,0.876,0.853,False,,
0,75,0.3567769527435303,0.876,0.855,False,,
0,76,0.355148047208786,0.876,0.855,False,,
0,77,0.3535729944705963,0.876,0.854,False,,
0,78,0.3520219027996063,0.876,0.854,False,,
0,79,0.350491464138031,0.876,0.854,False,,
0,80,0.349008709192276,0.878,0.855,False,,
0,81,0.3475486636161804,0.878,0.855,False,,
0,82,0.3461143374443054,0.874,0.855,False,,
0,83,0.3446422219276428,0.876,0.855,False,,
0,84,0.34317776560783386,0.874,0.855,False,,
0,85,0.3417866826057434,0.874,0.853,False,,
0,86,0.3403877913951874,0.872,0.854,False,,
0,87,0.3390237092971802,0.874,0.853,False,,
0,88,0.3376721143722534,0.872,0.851,False,,
0,89,0.3363213539123535,0.87,0.851,False,,
0,90,0.3349916636943817,0.87,0.85,False,,
0,91,0.333697646856308,0.87,0.849,False,,
0,92,0.33245062828063965,0.868,0.844,False,,
0,93,0.33125555515289307,0.87,0.847,False,,
0,94,0.3299955129623413,0.866,0.845,False,,
0,95,0.32866203784942627,0.87,0.845,False,,
0,96,0.3273892104625702,0.868,0.844,False,,
0,97,0.3261300027370453,0.87,0.844,False,,
0,98,0.3248935341835022,0.864,0.843,False,,
0,99,0.3236512839794159,0.868,0.842,False,,
