{"tag": "vanilla-transformer", "type": "vanilla", "train_cfg": {"learning_rate": 0.0005, "weight_decay": 0.0003, "max_epoch": 100, "step_lr": {"step": 50, "gamma": 0.8}}, "model_kwargs": {"internal_dim": 64, "num_layers": 2, "num_heads": 8, "identity_bias": 0.0, "pos_emb_dim": 40, "dropout_hidden": 0.1}}
0,0,2.0322835445404053,0.122,0.13,True,,
0,1,1.9794889688491821,0.316,0.317,True,,
0,2,1.9859747886657715,0.114,0.103,False,,
0,3,1.9760026931762695,0.114,0.103,False,,
0,4,1.9510940313339233,0.12,0.104,False,,
0,5,1.9531736373901367,0.074,0.097,False,,
0,6,1.9532346725463867,0.074,0.098,False,,
0,7,1.9453105926513672,0.142,0.169,False,,
0,8,1.9467755556106567,0.202,0.181,False,,
0,9,1.9279953241348267,0.18,0.179,False,,
0,10,1.942714810371399,0.402,0.425,True,,
0,11,1.9388530254364014,0.314,0.325,False,,
0,12,1.9164315462112427,0.316,0.32,False,,
0,13,1.9387493133544922,0.298,0.303,False,,
0,14,1.914674997329712,0.338,0.311,False,,
0,15,1.91757071018219,0.28,0.303,False,,
0,16,1.8862991333007812,0.206,0.208,False,,
0,17,1.895177960395813,0.318,0.31,False,,
0,18,1.8765748739242554,0.214,0.219,False,,
0,19,1.8174540996551514,0.26,0.273,False,,
0,20,1.7620692253112793,0.268,0.321,False,,
0,21,1.6972545385360718,0.292,0.309,False,,
0,22,1.5924299955368042,0.26,0.287,False,,
0,23,1.515866756439209,0.456,0.446,True,,
0,24,1.3803285360336304,0.53,0.516,True,,
0,25,1.3001497983932495,0.35,0.382,False,,
0,26,1.3253108263015747,0.558,0.563,True,,
0,27,1.1231729984283447,0.51,0.522,False,,
0,28,1.1526097059249878,0.584,0.622,True,,
0,29,1.0477235317230225,0.588,0.575,True,,
0,30,1.0021660327911377,0.668,0.652,True,,
0,31,0.8974791765213013,0.706,0.671,True,,
0,32,0.8106654286384583,0.644,0.643,False,,
0,33,0.7550627589225769,0.648,0.67,False,,
0,34,0.733274519443512,0.706,0.678,False,,
0,35,0.6057819724082947,0.704,0.671,False,,
0,36,0.5848564505577087,0.75,0.73,True,,
0,37,0.4787296950817108,0.71,0.723,False,,
0,38,0.4830392003059387,0.73,0.739,False,,
0,39,0.39178726077079773,0.708,0.711,False,,
0,40,0.40696579217910767,0.742,0.722,False,,
0,41,0.34720566868782043,0.792,0.76,True,,
0,42,0.32793185114860535,0.782,0.763,False,,
0,43,0.27228817343711853,0.762,0.767,False,,
0,44,0.24482302367687225,0.746,0.733,False,,
0,45,0.23868876695632935,0.766,0.761,False,,
0,46,0.22052690386772156,0.774,0.781,False,,
0,47,0.19935020804405212,0.788,0.783,False,,
0,48,0.17594854533672333,0.784,0.778,False,,
0,49,0.1668413132429123,0.784,0.765,False,,
0,50,0.15338259935379028,0.768,0.768,False,,
0,51,0.17046396434307098,0.75,0.759,False,,
0,52,0.135764941573143,0.77,0.776,False,,
0,53,0.1368933767080307,0.786,0.77,False,,
0,54,0.11513038724660873,0.79,0.777,False,,
0,55,0.11036062985658646,0.796,0.774,True,,
0,56,0.11578627675771713,0.79,0.771,False,,
0,57,0.09537509828805923,0.792,0.78,False,,
0,58,0.1164042204618454,0.786,0.769,False,,
0,59,0.1035359799861908,0.782,0.766,False,,
0,60,0.09020258486270905,0.77,0.767,False,,
0,61,0.09619303047657013,0.762,0.751,False,,
0,62,0.08275032788515091,0.766,0.755,False,,
0,63,0.07799531519412994,0.74,0.75,False,,
0,64,0.08478962630033493,0.788,0.773,False,,
0,65,0.07315631955862045,0.788,0.772,False,,
0,66,0.070571169257164,0.808,0.785,True,,
0,67,0.07421191781759262,0.804,0.78,False,,
0,68,0.07454314082860947,0.79,0.772,False,,
0,69,0.05863894894719124,0.756,0.759,False,,
0,70,0.06324002146720886,0.756,0.751,False,,
0,71,0.06428741663694382,0.748,0.735,False,,
0,72,0.05976029857993126,0.738,0.746,False,,
0,73,0.057404015213251114,0.77,0.761,False,,
0,74,0.05290503427386284,0.774,0.757,False,,
0,75,0.05202113837003708,0.796,0.762,False,,
0,76,0.05329730734229088,0.8,0.768,False,,
0,77,0.05101143568754196,0.786,0.774,False,,
0,78,0.04958285391330719,0.8,0.775,False,,
0,79,0.047444481402635574,0.77,0.765,False,,
0,80,0.047505080699920654,0.754,0.748,False,,
0,81,0.048480648547410965,0.756,0.761,False,,
0,82,0.04622625559568405,0.782,0.754,False,,
0,83,0.047260917723178864,0.774,0.775,False,,
0,84,0.04266299307346344,0.78,0.761,False,,
0,85,0.044683318585157394,0.752,0.761,False,,
0,86,0.04048052430152893,0.776,0.765,False,,
0,87,0.04156996309757233,0.788,0.777,False,,
0,88,0.039342112839221954,0.776,0.765,False,,
0,89,0.03904065489768982,0.79,0.77,False,,
0,90,0.038175880908966064,0.784,0.758,False,,
0,91,0.03764341399073601,0.774,0.759,False,,
0,92,0.03689529001712799,0.774,0.763,False,,
0,93,0.03587287664413452,0.764,0.761,False,,
0,94,0.03699380159378052,0.788,0.765,False,,
0,95,0.034724052995443344,0.762,0.765,False,,
0,96,0.034505609422922134,0.774,0.76,False,,
0,97,0.03355216607451439,0.782,0.766,False,,
0,98,0.03211365267634392,0.778,0.772,False,,
0,99,0.033967144787311554,0.786,0.77,False,,
