{"tag": "universal-transformer", "type": "universal", "train_cfg": {"learning_rate": 0.0005, "weight_decay": 0.003, "max_epoch": 100, "step_lr": {"step": 50, "gamma": 0.8}, "dropout_hidden": {"start": 10, "time": 40, "initial": 0.1, "inc": 0.3}, "dropout_attention": {"start": 10, "time": 40, "initial": 0.0, "inc": 0.1}}, "model_kwargs": {"internal_dim": 128, "num_layers": 2, "num_heads": 8, "identity_bias": 0.0, "pos_emb_dim": 40}}
0,0,2.047379732131958,0.116,0.105,True,0.0,0.1
0,1,2.018409490585327,0.156,0.144,True,0.0,0.1
0,2,1.9717291593551636,0.122,0.13,False,0.0,0.1
0,3,1.9459086656570435,0.162,0.149,True,0.0,0.1
0,4,1.936274766921997,0.06,0.065,False,0.0,0.1
0,5,1.9585555791854858,0.058,0.064,False,0.0,0.1
0,6,1.9372373819351196,0.058,0.064,False,0.0,0.1
0,7,1.9517728090286255,0.114,0.103,False,0.0,0.1
0,8,1.9287595748901367,0.2,0.194,True,0.0,0.1
0,9,1.9444458484649658,0.156,0.144,False,0.0,0.1
0,10,1.9567965269088745,0.156,0.144,False,0.0,0.1
0,11,1.9426695108413696,0.166,0.147,False,0.0039259815759068615,0.11177794472772058
0,12,1.9544730186462402,0.206,0.209,True,0.007845909572784495,0.12353772871835349
0,13,1.929230809211731,0.074,0.093,False,0.011753739745783765,0.1352612192373513
0,14,1.948817491531372,0.072,0.093,False,0.01564344650402309,0.14693033951206927
0,15,1.9422565698623657,0.06,0.069,False,0.019509032201612826,0.1585270966048385
0,16,1.9871305227279663,0.058,0.064,False,0.02334453638559054,0.17003360915677163
0,17,1.946418285369873,0.058,0.064,False,0.027144044986507427,0.18143213495952226
0,18,1.9408462047576904,0.13,0.143,False,0.03090169943749474,0.19270509831248422
0,19,1.948856234550476,0.122,0.13,False,0.034611705707749296,0.2038351171232479
0,20,1.961949110031128,0.388,0.41,True,0.03826834323650898,0.21480502970952692
0,21,1.9582375288009644,0.358,0.381,False,0.04186597375374282,0.22559792126122843
0,22,1.9288676977157593,0.2,0.183,False,0.04539904997395468,0.23619714992186402
0,23,1.9350546598434448,0.194,0.19,False,0.04886212414969549,0.24658637244908646
0,24,1.9559834003448486,0.196,0.185,False,0.052249856471594885,0.25674956941478466
0,25,1.935426115989685,0.554,0.549,True,0.05555702330196022,0.26667106990588063
0,26,1.952610731124878,0.24,0.213,False,0.058778525229247314,0.2763355756877419
0,27,1.8968656063079834,0.234,0.242,False,0.0619093949309834,0.2857281847929502
0,28,1.9218841791152954,0.21,0.231,False,0.06494480483301837,0.2948344144990551
0,29,1.9371156692504883,0.236,0.248,False,0.06788007455329417,0.3036402236598825
0,30,1.8758655786514282,0.32,0.348,False,0.07071067811865475,0.31213203435596426
0,31,1.8645198345184326,0.386,0.388,False,0.07343225094356856,0.3202967528307057
0,32,1.877020239830017,0.306,0.281,False,0.07604059656000312,0.32812178968000927
0,33,1.8085728883743286,0.406,0.433,False,0.07853169308807449,0.33559507926422344
0,34,1.705984354019165,0.452,0.451,False,0.08090169943749476,0.3427050983124842
0,35,1.620308756828308,0.242,0.242,False,0.08314696123025453,0.34944088369076354
0,36,1.558491826057434,0.198,0.182,False,0.08526401643540922,0.35579204930622765
0,37,1.806406855583191,0.448,0.431,False,0.08724960070727972,0.36174880212183913
0,38,1.4176026582717896,0.23,0.258,False,0.08910065241883679,0.3673019572565104
0,39,1.5518690347671509,0.5,0.528,False,0.09081431738250813,0.3724429521475243
0,40,1.2923059463500977,0.398,0.393,False,0.09238795325112868,0.37716385975338607
0,41,1.2032431364059448,0.41,0.389,False,0.09381913359224842,0.3814574007767453
0,42,1.18211829662323,0.442,0.46,False,0.09510565162951536,0.385316954888546
0,43,1.1701914072036743,0.636,0.67,True,0.09624552364536473,0.38873657093609415
0,44,0.9835776090621948,0.412,0.406,False,0.09723699203976766,0.39171097611930294
0,45,1.118796944618225,0.614,0.597,False,0.09807852804032305,0.39423558412096915
0,46,0.958247721195221,0.532,0.559,False,0.09876883405951378,0.39630650217854135
0,47,0.9572046399116516,0.606,0.639,False,0.09930684569549264,0.3979205370864779
0,48,0.77964186668396,0.55,0.562,False,0.0996917333733128,0.39907520011993836
0,49,0.7652608752250671,0.536,0.561,False,0.0999229036240723,0.3997687108722169
0,50,0.762826144695282,0.694,0.685,True,0.1,0.4
0,51,0.5466663241386414,0.65,0.685,False,0.1,0.4
0,52,0.5395974516868591,0.624,0.648,False,0.1,0.4
0,53,0.6189124584197998,0.698,0.677,True,0.1,0.4
0,54,0.4776889681816101,0.724,0.699,True,0.1,0.4
0,55,0.5175395011901855,0.702,0.714,False,0.1,0.4
0,56,0.4830687940120697,0.698,0.708,False,0.1,0.4
0,57,0.398721843957901,0.704,0.689,False,0.1,0.4
0,58,0.36592715978622437,0.736,0.733,True,0.1,0.4
0,59,0.3396812379360199,0.75,0.76,True,0.1,0.4
0,60,0.30311650037765503,0.746,0.761,False,0.1,0.4
0,61,0.27003413438796997,0.754,0.747,True,0.1,0.4
0,62,0.24963079392910004,0.716,0.701,False,0.1,0.4
0,63,0.2668059468269348,0.752,0.754,False,0.1,0.4
0,64,0.2518770098686218,0.758,0.782,True,0.1,0.4
0,65,0.18211038410663605,0.774,0.779,True,0.1,0.4
0,66,0.1531095653772354,0.786,0.764,True,0.1,0.4
0,67,0.1610114425420761,0.772,0.763,False,0.1,0.4
0,68,0.14005282521247864,0.768,0.757,False,0.1,0.4
0,69,0.17157675325870514,0.77,0.762,False,0.1,0.4
0,70,0.1271054595708847,0.762,0.764,False,0.1,0.4
0,71,0.11550046503543854,0.76,0.769,False,0.1,0.4
0,72,0.09288384020328522,0.774,0.767,False,0.1,0.4
0,73,0.10373587906360626,0.764,0.762,False,0.1,0.4
0,74,0.10346581041812897,0.77,0.769,False,0.1,0.4
0,75,0.10458169877529144,0.784,0.78,False,0.1,0.4
0,76,0.0802687555551529,0.764,0.766,False,0.1,0.4
0,77,0.0740593671798706,0.78,0.768,False,0.1,0.4
0,78,0.0702538713812828,0.778,0.76,False,0.1,0.4
0,79,0.06780450791120529,0.776,0.772,False,0.1,0.4
0,80,0.061777856200933456,0.772,0.762,False,0.1,0.4
0,81,0.08519262820482254,0.78,0.767,False,0.1,0.4
0,82,0.05666372925043106,0.768,0.781,False,0.1,0.4
0,83,0.06015590950846672,0.762,0.777,False,0.1,0.4
0,84,0.049579545855522156,0.768,0.766,False,0.1,0.4
0,85,0.054560765624046326,0.784,0.77,False,0.1,0.4
0,86,0.054612863808870316,0.79,0.789,True,0.1,0.4
0,87,0.05457977205514908,0.798,0.784,True,0.1,0.4
0,88,0.054133038967847824,0.788,0.782,False,0.1,0.4
0,89,0.040473099797964096,0.782,0.776,False,0.1,0.4
0,90,0.035635411739349365,0.742,0.756,False,0.1,0.4
0,91,0.043232765048742294,0.75,0.745,False,0.1,0.4
0,92,0.042996011674404144,0.758,0.759,False,0.1,0.4
0,93,0.039208561182022095,0.76,0.757,False,0.1,0.4
0,94,0.0355459488928318,0.782,0.764,False,0.1,0.4
0,95,0.03485741466283798,0.784,0.765,False,0.1,0.4
0,96,0.031479790806770325,0.802,0.772,True,0.1,0.4
0,97,0.03523573651909828,0.804,0.785,True,0.1,0.4
0,98,0.0366186797618866,0.772,0.777,False,0.1,0.4
0,99,0.03427963703870773,0.77,0.779,False,0.1,0.4
