{"tag": "universal-transformer", "type": "universal", "train_cfg": {"learning_rate": 0.0005, "weight_decay": 0.0003, "max_epoch": 100, "step_lr": {"step": 50, "gamma": 0.8}, "dropout_hidden": {"start": 10, "time": 40, "initial": 0.1, "inc": 0.6}, "dropout_attention": {"start": 10, "time": 40, "initial": 0.0, "inc": 0.3}}, "model_kwargs": {"internal_dim": 64, "num_layers": 4, "num_heads": 8, "identity_bias": 0.0}}
0,0,2.2560462951660156,0.168,0.149,True,0.0,0.1
0,1,1.920663833618164,0.316,0.33,True,0.0,0.1
0,2,1.7950023412704468,0.314,0.322,False,0.0,0.1
0,3,1.7344540357589722,0.348,0.354,True,0.0,0.1
0,4,1.6598951816558838,0.432,0.432,True,0.0,0.1
0,5,1.5707060098648071,0.524,0.514,True,0.0,0.1
0,6,1.4398818016052246,0.562,0.537,True,0.0,0.1
0,7,1.3513778448104858,0.61,0.573,True,0.0,0.1
0,8,1.2707195281982422,0.656,0.622,True,0.0,0.1
0,9,1.181719422340393,0.676,0.648,True,0.0,0.1
0,10,1.0886988639831543,0.694,0.672,True,0.0,0.1
0,11,1.041469693183899,0.762,0.739,True,0.011777944727720582,0.12355588945544117
0,12,0.9987739324569702,0.786,0.78,True,0.02353772871835348,0.14707545743670697
0,13,0.983683705329895,0.81,0.79,True,0.035261219237351295,0.1705224384747026
0,14,0.9516319632530212,0.822,0.815,True,0.046930339512069257,0.1938606790241385
0,15,0.9265342950820923,0.84,0.83,True,0.05852709660483847,0.21705419320967695
0,16,0.9007529020309448,0.854,0.829,True,0.07003360915677162,0.24006721831354325
0,17,0.8920221328735352,0.86,0.839,True,0.08143213495952227,0.26286426991904455
0,18,0.8576270937919617,0.874,0.842,True,0.09270509831248422,0.28541019662496847
0,19,0.8582168221473694,0.872,0.845,False,0.10383511712324789,0.30767023424649576
0,20,0.8659573793411255,0.874,0.845,False,0.11480502970952693,0.32961005941905386
0,21,0.8491540551185608,0.88,0.849,True,0.12559792126122843,0.35119584252245684
0,22,0.833670437335968,0.884,0.85,True,0.13619714992186402,0.37239429984372807
0,23,0.8371798396110535,0.88,0.85,False,0.14658637244908646,0.3931727448981729
0,24,0.862034261226654,0.888,0.851,True,0.15674956941478463,0.41349913882956923
0,25,0.843297004699707,0.892,0.859,True,0.16667106990588065,0.4333421398117613
0,26,0.8351303935050964,0.882,0.853,False,0.17633557568774194,0.45267115137548386
0,27,0.8589636087417603,0.878,0.851,False,0.1857281847929502,0.4714563695859004
0,28,0.8696178793907166,0.884,0.856,False,0.1948344144990551,0.48966882899811015
0,29,0.8622887134552002,0.884,0.853,False,0.2036402236598825,0.507280447319765
0,30,0.8742262721061707,0.89,0.853,False,0.21213203435596423,0.5242640687119284
0,31,0.8635975122451782,0.888,0.854,False,0.22029675283070566,0.5405935056614113
0,32,0.8802688121795654,0.886,0.856,False,0.2281217896800093,0.5562435793600186
0,33,0.8756195306777954,0.886,0.856,False,0.23559507926422343,0.5711901585284469
0,34,0.8680004477500916,0.886,0.854,False,0.2427050983124842,0.5854101966249684
0,35,0.8872969746589661,0.88,0.857,False,0.24944088369076356,0.5988817673815271
0,36,0.9095573425292969,0.878,0.859,False,0.2557920493062276,0.6115840986124552
0,37,0.895382285118103,0.874,0.861,False,0.2617488021218391,0.6234976042436782
0,38,0.9270070791244507,0.872,0.859,False,0.26730195725651035,0.6346039145130207
0,39,0.9031355977058411,0.868,0.852,False,0.27244295214752434,0.6448859042950487
0,40,0.893218994140625,0.86,0.847,False,0.27716385975338603,0.654327719506772
0,41,0.9005925059318542,0.864,0.845,False,0.28145740077674525,0.6629148015534905
0,42,0.9117494225502014,0.868,0.849,False,0.285316954888546,0.670633909777092
0,43,0.8926210999488831,0.864,0.853,False,0.2887365709360942,0.6774731418721883
0,44,0.9214357137680054,0.866,0.857,False,0.29171097611930297,0.6834219522386059
0,45,0.861552357673645,0.868,0.855,False,0.2942355841209691,0.6884711682419382
0,46,0.8554815053939819,0.86,0.858,False,0.2963065021785413,0.6926130043570826
0,47,0.8532364368438721,0.864,0.856,False,0.29792053708647787,0.6958410741729557
0,48,0.8414764404296875,0.862,0.855,False,0.2990752001199384,0.6981504002398767
0,49,0.862861692905426,0.868,0.854,False,0.29976871087221685,0.6995374217444337
0,50,0.8061458468437195,0.868,0.855,False,0.3,0.7
0,51,0.8031052350997925,0.868,0.856,False,0.3,0.7
0,52,0.7726117372512817,0.872,0.853,False,0.3,0.7
0,53,0.775888204574585,0.87,0.853,False,0.3,0.7
0,54,0.7647826075553894,0.866,0.852,False,0.3,0.7
0,55,0.7648071050643921,0.866,0.854,False,0.3,0.7
0,56,0.7369331121444702,0.866,0.853,False,0.3,0.7
0,57,0.7375297546386719,0.866,0.852,False,0.3,0.7
0,58,0.7316156625747681,0.87,0.853,False,0.3,0.7
0,59,0.7098338603973389,0.866,0.852,False,0.3,0.7
0,60,0.6964616179466248,0.864,0.852,False,0.3,0.7
0,61,0.6995311975479126,0.866,0.854,False,0.3,0.7
0,62,0.6594441533088684,0.87,0.855,False,0.3,0.7
0,63,0.6618342399597168,0.866,0.854,False,0.3,0.7
0,64,0.652585506439209,0.864,0.852,False,0.3,0.7
0,65,0.6336281299591064,0.862,0.852,False,0.3,0.7
0,66,0.6600714921951294,0.87,0.856,False,0.3,0.7
0,67,0.6408863067626953,0.87,0.859,False,0.3,0.7
0,68,0.6374238133430481,0.872,0.855,False,0.3,0.7
0,69,0.610673725605011,0.87,0.856,False,0.3,0.7
0,70,0.5996088981628418,0.87,0.859,False,0.3,0.7
0,71,0.6061860918998718,0.868,0.862,False,0.3,0.7
0,72,0.6058112978935242,0.87,0.86,False,0.3,0.7
0,73,0.5850158929824829,0.866,0.859,False,0.3,0.7
0,74,0.5897248387336731,0.868,0.854,False,0.3,0.7
0,75,0.5562865138053894,0.864,0.854,False,0.3,0.7
0,76,0.5447496175765991,0.864,0.85,False,0.3,0.7
0,77,0.5792757868766785,0.864,0.855,False,0.3,0.7
0,78,0.5620453357696533,0.86,0.852,False,0.3,0.7
0,79,0.5591912269592285,0.86,0.856,False,0.3,0.7
0,80,0.5369912981987,0.858,0.857,False,0.3,0.7
0,81,0.5364812612533569,0.858,0.857,False,0.3,0.7
0,82,0.5608858466148376,0.856,0.857,False,0.3,0.7
0,83,0.5110242962837219,0.856,0.858,False,0.3,0.7
0,84,0.5399667024612427,0.854,0.856,False,0.3,0.7
0,85,0.497790664434433,0.85,0.856,False,0.3,0.7
0,86,0.5202784538269043,0.85,0.856,False,0.3,0.7
0,87,0.5075235366821289,0.852,0.856,False,0.3,0.7
0,88,0.5055477619171143,0.852,0.855,False,0.3,0.7
0,89,0.4946679174900055,0.85,0.85,False,0.3,0.7
0,90,0.4843369126319885,0.85,0.85,False,0.3,0.7
0,91,0.488742858171463,0.85,0.85,False,0.3,0.7
0,92,0.4838026463985443,0.848,0.85,False,0.3,0.7
0,93,0.46800175309181213,0.85,0.856,False,0.3,0.7
0,94,0.4657384753227234,0.85,0.858,False,0.3,0.7
0,95,0.4567813575267792,0.852,0.856,False,0.3,0.7
0,96,0.4521175026893616,0.852,0.861,False,0.3,0.7
0,97,0.45604023337364197,0.85,0.858,False,0.3,0.7
0,98,0.4629770815372467,0.852,0.856,False,0.3,0.7
0,99,0.4494694173336029,0.854,0.853,False,0.3,0.7
