{"tag": "universal-transformer", "type": "universal", "train_cfg": {"learning_rate": 0.0005, "weight_decay": 0.0, "max_epoch": 100, "step_lr": {"step": 50, "gamma": 0.8}}, "model_kwargs": {"internal_dim": 64, "num_layers": 2, "num_heads": 8, "identity_bias": 0.0, "dropout_hidden": 0.0}}
0,0,2.1375393867492676,0.322,0.319,True,,
0,1,1.7887369394302368,0.498,0.454,True,,
0,2,1.6088935136795044,0.56,0.557,True,,
0,3,1.4659559726715088,0.588,0.621,True,,
0,4,1.3377479314804077,0.628,0.648,True,,
0,5,1.2057249546051025,0.708,0.695,True,,
0,6,1.0801812410354614,0.752,0.732,True,,
0,7,0.9750674366950989,0.788,0.748,True,,
0,8,0.8818734288215637,0.794,0.762,True,,
0,9,0.7960784435272217,0.806,0.78,True,,
0,10,0.7183902859687805,0.816,0.791,True,,
0,11,0.6490365266799927,0.82,0.808,True,,
0,12,0.5883101224899292,0.832,0.81,True,,
0,13,0.5357827544212341,0.838,0.817,True,,
0,14,0.4884234368801117,0.85,0.834,True,,
0,15,0.4440172612667084,0.856,0.845,True,,
0,16,0.40341421961784363,0.866,0.86,True,,
0,17,0.3682190477848053,0.862,0.862,False,,
0,18,0.3381144404411316,0.866,0.864,False,,
0,19,0.31191784143447876,0.882,0.866,True,,
0,20,0.2888108491897583,0.884,0.864,True,,
0,21,0.26808714866638184,0.88,0.863,False,,
0,22,0.2492964267730713,0.878,0.866,False,,
0,23,0.23226797580718994,0.876,0.867,False,,
0,24,0.21708062291145325,0.87,0.868,False,,
0,25,0.20342932641506195,0.868,0.868,False,,
0,26,0.19103585183620453,0.874,0.868,False,,
0,27,0.1798906773328781,0.872,0.868,False,,
0,28,0.1698499321937561,0.874,0.867,False,,
0,29,0.16064053773880005,0.872,0.865,False,,
0,30,0.15213216841220856,0.876,0.864,False,,
0,31,0.1442907601594925,0.876,0.863,False,,
0,32,0.13699091970920563,0.876,0.86,False,,
0,33,0.130253866314888,0.882,0.858,False,,
0,34,0.12399491667747498,0.886,0.858,True,,
0,35,0.11808040738105774,0.892,0.861,True,,
0,36,0.11246684938669205,0.89,0.859,False,,
0,37,0.10730558633804321,0.888,0.857,False,,
0,38,0.10261300951242447,0.884,0.856,False,,
0,39,0.09830351173877716,0.88,0.856,False,,
0,40,0.09418416023254395,0.878,0.857,False,,
0,41,0.09018926322460175,0.882,0.857,False,,
0,42,0.0864231139421463,0.876,0.856,False,,
0,43,0.08295120298862457,0.878,0.856,False,,
0,44,0.07975488901138306,0.88,0.853,False,,
0,45,0.07674203813076019,0.876,0.853,False,,
0,46,0.0739295557141304,0.87,0.852,False,,
0,47,0.07130447030067444,0.87,0.851,False,,
0,48,0.06878649443387985,0.87,0.852,False,,
0,49,0.06628205627202988,0.87,0.851,False,,
0,50,0.06386906653642654,0.868,0.85,False,,
0,51,0.062041137367486954,0.864,0.848,False,,
0,52,0.060301508754491806,0.862,0.848,False,,
0,53,0.058629874140024185,0.864,0.848,False,,
0,54,0.057009417563676834,0.864,0.849,False,,
0,55,0.05546029284596443,0.864,0.848,False,,
0,56,0.05400364473462105,0.866,0.847,False,,
0,57,0.05262463912367821,0.866,0.845,False,,
0,58,0.0512671023607254,0.866,0.844,False,,
0,59,0.04992634430527687,0.868,0.843,False,,
0,60,0.048626068979501724,0.868,0.842,False,,
0,61,0.04739058390259743,0.868,0.842,False,,
0,62,0.04622625187039375,0.864,0.842,False,,
0,63,0.045135464519262314,0.862,0.842,False,,
0,64,0.044113799929618835,0.862,0.841,False,,
0,65,0.04313772916793823,0.864,0.84,False,,
0,66,0.04220589995384216,0.862,0.84,False,,
0,67,0.04132190719246864,0.862,0.839,False,,
0,68,0.04048120230436325,0.866,0.84,False,,
0,69,0.03967292234301567,0.866,0.84,False,,
0,70,0.03889121860265732,0.864,0.838,False,,
0,71,0.03813942149281502,0.868,0.837,False,,
0,72,0.037418708205223083,0.866,0.836,False,,
0,73,0.036730729043483734,0.866,0.834,False,,
0,74,0.036072004586458206,0.866,0.834,False,,
0,75,0.03543622046709061,0.866,0.834,False,,
0,76,0.034820277243852615,0.866,0.834,False,,
0,77,0.034221846610307693,0.87,0.834,False,,
0,78,0.03364252299070358,0.87,0.834,False,,
0,79,0.03308209031820297,0.87,0.834,False,,
0,80,0.03253832459449768,0.868,0.834,False,,
0,81,0.032011400908231735,0.864,0.834,False,,
0,82,0.03149760887026787,0.866,0.833,False,,
0,83,0.03099404275417328,0.866,0.833,False,,
0,84,0.03050144761800766,0.866,0.833,False,,
0,85,0.030019687488675117,0.866,0.834,False,,
0,86,0.02954932115972042,0.866,0.834,False,,
0,87,0.029088029637932777,0.866,0.833,False,,
0,88,0.028633395209908485,0.864,0.832,False,,
0,89,0.02818615362048149,0.864,0.832,False,,
0,90,0.027748139575123787,0.864,0.831,False,,
0,91,0.027319952845573425,0.862,0.831,False,,
0,92,0.026900317519903183,0.862,0.831,False,,
0,93,0.026487922295928,0.862,0.831,False,,
0,94,0.02608071267604828,0.862,0.831,False,,
0,95,0.02568368799984455,0.862,0.831,False,,
0,96,0.0252970140427351,0.862,0.831,False,,
0,97,0.02491900697350502,0.862,0.831,False,,
0,98,0.024547314271330833,0.862,0.83,False,,
0,99,0.024185776710510254,0.862,0.83,False,,
